This file contains any messages produced by compilers while
running configure, to aid debugging if configure makes a mistake.

It was created by configure, which was
generated by GNU Autoconf 2.69.  Invocation command line was

  $ ./configure 

## --------- ##
## Platform. ##
## --------- ##

hostname = proliant
uname -m = x86_64
uname -r = 4.4.261
uname -s = Linux
uname -v = #1 SMP Sat Mar 13 20:23:03 CST 2021

/usr/bin/uname -p = Intel(R) Xeon(R) CPU           X3430  @ 2.40GHz
/bin/uname -X     = unknown

/bin/arch              = x86_64
/usr/bin/arch -k       = unknown
/usr/convex/getsysinfo = unknown
/usr/bin/hostinfo      = unknown
/bin/machine           = unknown
/usr/bin/oslevel       = unknown
/bin/universe          = unknown

PATH: /opt/mbse/bin
PATH: /usr/local/bin
PATH: /usr/bin
PATH: /bin
PATH: /usr/games
PATH: /usr/lib64/qt/bin
PATH: /usr/share/texmf/bin


## ----------- ##
## Core tests. ##
## ----------- ##

configure:2366: checking for gmake
configure:2382: found /usr/bin/gmake
configure:2393: result: gmake
configure:2403: checking for make
configure:2430: result: gmake
configure:2441: checking for gawk
configure:2457: found /usr/bin/gawk
configure:2468: result: gawk
configure:2478: checking for nawk
configure:2505: result: gawk
configure:2515: checking for awk
configure:2542: result: gawk
configure:2553: checking for ginstall
configure:2569: found /usr/bin/ginstall
configure:2580: result: ginstall
configure:2590: checking for install
configure:2617: result: ginstall
configure:2673: checking for gcc
configure:2689: found /usr/bin/gcc
configure:2700: result: gcc
configure:2929: checking for C compiler version
configure:2938: gcc --version >&5
gcc (GCC) 5.5.0
Copyright (C) 2015 Free Software Foundation, Inc.
This is free software; see the source for copying conditions.  There is NO
warranty; not even for MERCHANTABILITY or FITNESS FOR A PARTICULAR PURPOSE.

configure:2949: $? = 0
configure:2938: gcc -v >&5
Reading specs from /usr/lib64/gcc/x86_64-slackware-linux/5.5.0/specs
COLLECT_GCC=gcc
COLLECT_LTO_WRAPPER=/usr/libexec/gcc/x86_64-slackware-linux/5.5.0/lto-wrapper
Target: x86_64-slackware-linux
Configured with: ../gcc-5.5.0/configure --prefix=/usr --libdir=/usr/lib64 --mandir=/usr/man --infodir=/usr/info --enable-shared --enable-bootstrap --enable-languages=ada,c,c++,fortran,go,java,lto,objc --enable-threads=posix --enable-checking=release --enable-objc-gc --with-system-zlib --with-python-dir=/lib64/python2.7/site-packages --enable-libstdcxx-dual-abi --with-default-libstdcxx-abi=gcc4-compatible --disable-libunwind-exceptions --enable-__cxa_atexit --enable-libssp --enable-lto --disable-install-libiberty --with-gnu-ld --verbose --enable-java-home --with-java-home=/usr/lib64/jvm/jre --with-jvm-root-dir=/usr/lib64/jvm --with-jvm-jar-dir=/usr/lib64/jvm/jvm-exports --with-arch-directory=amd64 --with-antlr-jar=/tmp/slackware64-14.2/gcc/antlr-runtime-3.4.jar --enable-java-awt=gtk --disable-gtktest --disable-multilib --target=x86_64-slackware-linux --build=x86_64-slackware-linux --host=x86_64-slackware-linux
Thread model: posix
gcc version 5.5.0 (GCC) 
configure:2949: $? = 0
configure:2938: gcc -V >&5
gcc: error: unrecognized command line option '-V'
gcc: fatal error: no input files
compilation terminated.
configure:2949: $? = 1
configure:2938: gcc -qversion >&5
gcc: error: unrecognized command line option '-qversion'
gcc: fatal error: no input files
compilation terminated.
configure:2949: $? = 1
configure:2969: checking whether the C compiler works
configure:2991: gcc  -I/usr/local/include -L/usr/local/lib conftest.c  >&5
configure:2995: $? = 0
configure:3043: result: yes
configure:3046: checking for C compiler default output file name
configure:3048: result: a.out
configure:3054: checking for suffix of executables
configure:3061: gcc -o conftest  -I/usr/local/include -L/usr/local/lib conftest.c  >&5
configure:3065: $? = 0
configure:3087: result: 
configure:3109: checking whether we are cross compiling
configure:3117: gcc -o conftest  -I/usr/local/include -L/usr/local/lib conftest.c  >&5
configure:3121: $? = 0
configure:3128: ./conftest
configure:3132: $? = 0
configure:3147: result: no
configure:3152: checking for suffix of object files
configure:3174: gcc -c  -I/usr/local/include conftest.c >&5
configure:3178: $? = 0
configure:3199: result: o
configure:3203: checking whether we are using the GNU C compiler
configure:3222: gcc -c  -I/usr/local/include conftest.c >&5
configure:3222: $? = 0
configure:3231: result: yes
configure:3240: checking whether gcc accepts -g
configure:3260: gcc -c -g -I/usr/local/include conftest.c >&5
configure:3260: $? = 0
configure:3301: result: yes
configure:3318: checking for gcc option to accept ISO C89
configure:3381: gcc  -c -g -O2 -I/usr/local/include conftest.c >&5
configure:3381: $? = 0
configure:3394: result: none needed
configure:3414: checking whether gmake sets $(MAKE)
configure:3436: result: yes
configure:3488: checking for ranlib
configure:3504: found /usr/bin/ranlib
configure:3515: result: ranlib
configure:3537: checking whether ln -s works
configure:3541: result: yes
configure:3550: checking for tar
configure:3566: found /usr/bin/tar
configure:3577: result: tar
configure:3587: checking for zip
configure:3603: found /usr/bin/zip
configure:3614: result: zip
configure:3624: checking for chown
configure:3643: found /bin/chown
configure:3656: result: /bin/chown
configure:3670: checking how to run the C preprocessor
configure:3701: gcc -E -I/usr/local/include conftest.c
configure:3701: $? = 0
configure:3715: gcc -E -I/usr/local/include conftest.c
conftest.c:15:28: fatal error: ac_nonexistent.h: No such file or directory
compilation terminated.
configure:3715: $? = 1
configure: failed program was:
| /* confdefs.h */
| #define PACKAGE_NAME ""
| #define PACKAGE_TARNAME ""
| #define PACKAGE_VERSION ""
| #define PACKAGE_STRING ""
| #define PACKAGE_BUGREPORT ""
| #define PACKAGE_URL ""
| #define VERSION "1.0.7.22"
| #define VERSION_MAJOR 1
| #define VERSION_MINOR 0
| #define VERSION_REVISION 7.22
| #define COPYRIGHT "Copyright (C) 1997-2021 MBSE Development Team, All Rights Reserved"
| #define SHORTRIGHT "Copyright (C) 1997-2021 MBSE DevTm"
| /* end confdefs.h.  */
| #include <ac_nonexistent.h>
configure:3740: result: gcc -E
configure:3760: gcc -E -I/usr/local/include conftest.c
configure:3760: $? = 0
configure:3774: gcc -E -I/usr/local/include conftest.c
conftest.c:15:28: fatal error: ac_nonexistent.h: No such file or directory
compilation terminated.
configure:3774: $? = 1
configure: failed program was:
| /* confdefs.h */
| #define PACKAGE_NAME ""
| #define PACKAGE_TARNAME ""
| #define PACKAGE_VERSION ""
| #define PACKAGE_STRING ""
| #define PACKAGE_BUGREPORT ""
| #define PACKAGE_URL ""
| #define VERSION "1.0.7.22"
| #define VERSION_MAJOR 1
| #define VERSION_MINOR 0
| #define VERSION_REVISION 7.22
| #define COPYRIGHT "Copyright (C) 1997-2021 MBSE Development Team, All Rights Reserved"
| #define SHORTRIGHT "Copyright (C) 1997-2021 MBSE DevTm"
| /* end confdefs.h.  */
| #include <ac_nonexistent.h>
configure:3803: checking for grep that handles long lines and -e
configure:3861: result: /usr/bin/grep
configure:3866: checking for egrep
configure:3928: result: /usr/bin/grep -E
configure:3933: checking for ANSI C header files
configure:3953: gcc -c -g -O2 -I/usr/local/include conftest.c >&5
configure:3953: $? = 0
configure:4026: gcc -o conftest -g -O2 -I/usr/local/include -L/usr/local/lib conftest.c  >&5
configure:4026: $? = 0
configure:4026: ./conftest
configure:4026: $? = 0
configure:4037: result: yes
configure:4050: checking for sys/types.h
configure:4050: gcc -c -g -O2 -I/usr/local/include conftest.c >&5
configure:4050: $? = 0
configure:4050: result: yes
configure:4050: checking for sys/stat.h
configure:4050: gcc -c -g -O2 -I/usr/local/include conftest.c >&5
configure:4050: $? = 0
configure:4050: result: yes
configure:4050: checking for stdlib.h
configure:4050: gcc -c -g -O2 -I/usr/local/include conftest.c >&5
configure:4050: $? = 0
configure:4050: result: yes
configure:4050: checking for string.h
configure:4050: gcc -c -g -O2 -I/usr/local/include conftest.c >&5
configure:4050: $? = 0
configure:4050: result: yes
configure:4050: checking for memory.h
configure:4050: gcc -c -g -O2 -I/usr/local/include conftest.c >&5
configure:4050: $? = 0
configure:4050: result: yes
configure:4050: checking for strings.h
configure:4050: gcc -c -g -O2 -I/usr/local/include conftest.c >&5
configure:4050: $? = 0
configure:4050: result: yes
configure:4050: checking for inttypes.h
configure:4050: gcc -c -g -O2 -I/usr/local/include conftest.c >&5
configure:4050: $? = 0
configure:4050: result: yes
configure:4050: checking for stdint.h
configure:4050: gcc -c -g -O2 -I/usr/local/include conftest.c >&5
configure:4050: $? = 0
configure:4050: result: yes
configure:4050: checking for unistd.h
configure:4050: gcc -c -g -O2 -I/usr/local/include conftest.c >&5
configure:4050: $? = 0
configure:4050: result: yes
configure:4062: checking whether byte ordering is bigendian
configure:4077: gcc -c -g -O2 -I/usr/local/include conftest.c >&5
conftest.c:26:9: error: unknown type name 'not'
         not a universal capable compiler
         ^
conftest.c:26:15: error: expected '=', ',', ';', 'asm' or '__attribute__' before 'universal'
         not a universal capable compiler
               ^
conftest.c:26:15: error: unknown type name 'universal'
configure:4077: $? = 1
configure: failed program was:
| /* confdefs.h */
| #define PACKAGE_NAME ""
| #define PACKAGE_TARNAME ""
| #define PACKAGE_VERSION ""
| #define PACKAGE_STRING ""
| #define PACKAGE_BUGREPORT ""
| #define PACKAGE_URL ""
| #define VERSION "1.0.7.22"
| #define VERSION_MAJOR 1
| #define VERSION_MINOR 0
| #define VERSION_REVISION 7.22
| #define COPYRIGHT "Copyright (C) 1997-2021 MBSE Development Team, All Rights Reserved"
| #define SHORTRIGHT "Copyright (C) 1997-2021 MBSE DevTm"
| #define STDC_HEADERS 1
| #define HAVE_SYS_TYPES_H 1
| #define HAVE_SYS_STAT_H 1
| #define HAVE_STDLIB_H 1
| #define HAVE_STRING_H 1
| #define HAVE_MEMORY_H 1
| #define HAVE_STRINGS_H 1
| #define HAVE_INTTYPES_H 1
| #define HAVE_STDINT_H 1
| #define HAVE_UNISTD_H 1
| /* end confdefs.h.  */
| #ifndef __APPLE_CC__
| 	       not a universal capable compiler
| 	     #endif
| 	     typedef int dummy;
| 
configure:4122: gcc -c -g -O2 -I/usr/local/include conftest.c >&5
configure:4122: $? = 0
configure:4140: gcc -c -g -O2 -I/usr/local/include conftest.c >&5
conftest.c: In function 'main':
conftest.c:32:4: error: unknown type name 'not'
    not big endian
    ^
conftest.c:32:12: error: expected '=', ',', ';', 'asm' or '__attribute__' before 'endian'
    not big endian
            ^
configure:4140: $? = 1
configure: failed program was:
| /* confdefs.h */
| #define PACKAGE_NAME ""
| #define PACKAGE_TARNAME ""
| #define PACKAGE_VERSION ""
| #define PACKAGE_STRING ""
| #define PACKAGE_BUGREPORT ""
| #define PACKAGE_URL ""
| #define VERSION "1.0.7.22"
| #define VERSION_MAJOR 1
| #define VERSION_MINOR 0
| #define VERSION_REVISION 7.22
| #define COPYRIGHT "Copyright (C) 1997-2021 MBSE Development Team, All Rights Reserved"
| #define SHORTRIGHT "Copyright (C) 1997-2021 MBSE DevTm"
| #define STDC_HEADERS 1
| #define HAVE_SYS_TYPES_H 1
| #define HAVE_SYS_STAT_H 1
| #define HAVE_STDLIB_H 1
| #define HAVE_STRING_H 1
| #define HAVE_MEMORY_H 1
| #define HAVE_STRINGS_H 1
| #define HAVE_INTTYPES_H 1
| #define HAVE_STDINT_H 1
| #define HAVE_UNISTD_H 1
| /* end confdefs.h.  */
| #include <sys/types.h>
| 		#include <sys/param.h>
| 
| int
| main ()
| {
| #if BYTE_ORDER != BIG_ENDIAN
| 		 not big endian
| 		#endif
| 
|   ;
|   return 0;
| }
configure:4268: result: no
configure:4363: checking for re_comp in -lcompat
configure:4388: gcc -o conftest -O2 -fno-strict-aliasing -Wall -Wshadow -Wwrite-strings -Wstrict-prototypes -D_REENTRANT -I/usr/local/include -I/usr/local/include -L/usr/local/lib conftest.c -lcompat   >&5
conftest.c:32:1: warning: function declaration isn't a prototype [-Wstrict-prototypes]
 char re_comp ();
 ^
conftest.c:34:1: warning: function declaration isn't a prototype [-Wstrict-prototypes]
 main ()
 ^
/usr/lib64/gcc/x86_64-slackware-linux/5.5.0/../../../../x86_64-slackware-linux/bin/ld: cannot find -lcompat
collect2: error: ld returned 1 exit status
configure:4388: $? = 1
configure: failed program was:
| /* confdefs.h */
| #define PACKAGE_NAME ""
| #define PACKAGE_TARNAME ""
| #define PACKAGE_VERSION ""
| #define PACKAGE_STRING ""
| #define PACKAGE_BUGREPORT ""
| #define PACKAGE_URL ""
| #define VERSION "1.0.7.22"
| #define VERSION_MAJOR 1
| #define VERSION_MINOR 0
| #define VERSION_REVISION 7.22
| #define COPYRIGHT "Copyright (C) 1997-2021 MBSE Development Team, All Rights Reserved"
| #define SHORTRIGHT "Copyright (C) 1997-2021 MBSE DevTm"
| #define STDC_HEADERS 1
| #define HAVE_SYS_TYPES_H 1
| #define HAVE_SYS_STAT_H 1
| #define HAVE_STDLIB_H 1
| #define HAVE_STRING_H 1
| #define HAVE_MEMORY_H 1
| #define HAVE_STRINGS_H 1
| #define HAVE_INTTYPES_H 1
| #define HAVE_STDINT_H 1
| #define HAVE_UNISTD_H 1
| /* end confdefs.h.  */
| 
| /* Override any GCC internal prototype to avoid an error.
|    Use char because int might match the return type of a GCC
|    builtin and then its argument prototype would still apply.  */
| #ifdef __cplusplus
| extern "C"
| #endif
| char re_comp ();
| int
| main ()
| {
| return re_comp ();
|   ;
|   return 0;
| }
configure:4397: result: no
configure:4409: checking for pw_age in struct passwd
configure:4425: gcc -c -O2 -fno-strict-aliasing -Wall -Wshadow -Wwrite-strings -Wstrict-prototypes -D_REENTRANT -I/usr/local/include -I/usr/local/include conftest.c >&5
conftest.c:27:1: warning: function declaration isn't a prototype [-Wstrict-prototypes]
 main ()
 ^
conftest.c: In function 'main':
conftest.c:29:23: error: 'struct passwd' has no member named 'pw_age'
  struct passwd pw;  pw.pw_age = "";
                       ^
conftest.c:29:16: warning: variable 'pw' set but not used [-Wunused-but-set-variable]
  struct passwd pw;  pw.pw_age = "";
                ^
configure:4425: $? = 1
configure: failed program was:
| /* confdefs.h */
| #define PACKAGE_NAME ""
| #define PACKAGE_TARNAME ""
| #define PACKAGE_VERSION ""
| #define PACKAGE_STRING ""
| #define PACKAGE_BUGREPORT ""
| #define PACKAGE_URL ""
| #define VERSION "1.0.7.22"
| #define VERSION_MAJOR 1
| #define VERSION_MINOR 0
| #define VERSION_REVISION 7.22
| #define COPYRIGHT "Copyright (C) 1997-2021 MBSE Development Team, All Rights Reserved"
| #define SHORTRIGHT "Copyright (C) 1997-2021 MBSE DevTm"
| #define STDC_HEADERS 1
| #define HAVE_SYS_TYPES_H 1
| #define HAVE_SYS_STAT_H 1
| #define HAVE_STDLIB_H 1
| #define HAVE_STRING_H 1
| #define HAVE_MEMORY_H 1
| #define HAVE_STRINGS_H 1
| #define HAVE_INTTYPES_H 1
| #define HAVE_STDINT_H 1
| #define HAVE_UNISTD_H 1
| /* end confdefs.h.  */
| #include <pwd.h>
| int
| main ()
| {
|  struct passwd pw;  pw.pw_age = "";
|   ;
|   return 0;
| }
configure:4432: result: no
configure:4439: checking for pw_comment in struct passwd
configure:4455: gcc -c -O2 -fno-strict-aliasing -Wall -Wshadow -Wwrite-strings -Wstrict-prototypes -D_REENTRANT -I/usr/local/include -I/usr/local/include conftest.c >&5
conftest.c:27:1: warning: function declaration isn't a prototype [-Wstrict-prototypes]
 main ()
 ^
conftest.c: In function 'main':
conftest.c:29:23: error: 'struct passwd' has no member named 'pw_comment'
  struct passwd pw;  pw.pw_comment = "";
                       ^
conftest.c:29:16: warning: variable 'pw' set but not used [-Wunused-but-set-variable]
  struct passwd pw;  pw.pw_comment = "";
                ^
configure:4455: $? = 1
configure: failed program was:
| /* confdefs.h */
| #define PACKAGE_NAME ""
| #define PACKAGE_TARNAME ""
| #define PACKAGE_VERSION ""
| #define PACKAGE_STRING ""
| #define PACKAGE_BUGREPORT ""
| #define PACKAGE_URL ""
| #define VERSION "1.0.7.22"
| #define VERSION_MAJOR 1
| #define VERSION_MINOR 0
| #define VERSION_REVISION 7.22
| #define COPYRIGHT "Copyright (C) 1997-2021 MBSE Development Team, All Rights Reserved"
| #define SHORTRIGHT "Copyright (C) 1997-2021 MBSE DevTm"
| #define STDC_HEADERS 1
| #define HAVE_SYS_TYPES_H 1
| #define HAVE_SYS_STAT_H 1
| #define HAVE_STDLIB_H 1
| #define HAVE_STRING_H 1
| #define HAVE_MEMORY_H 1
| #define HAVE_STRINGS_H 1
| #define HAVE_INTTYPES_H 1
| #define HAVE_STDINT_H 1
| #define HAVE_UNISTD_H 1
| /* end confdefs.h.  */
| #include <pwd.h>
| int
| main ()
| {
|  struct passwd pw;  pw.pw_comment = "";
|   ;
|   return 0;
| }
configure:4462: result: no
configure:4469: checking for setspent in -lshadow
configure:4494: gcc -o conftest -O2 -fno-strict-aliasing -Wall -Wshadow -Wwrite-strings -Wstrict-prototypes -D_REENTRANT -I/usr/local/include -I/usr/local/include -L/usr/local/lib conftest.c -lshadow   >&5
conftest.c:32:1: warning: function declaration isn't a prototype [-Wstrict-prototypes]
 char setspent ();
 ^
conftest.c:34:1: warning: function declaration isn't a prototype [-Wstrict-prototypes]
 main ()
 ^
/usr/lib64/gcc/x86_64-slackware-linux/5.5.0/../../../../x86_64-slackware-linux/bin/ld: cannot find -lshadow
collect2: error: ld returned 1 exit status
configure:4494: $? = 1
configure: failed program was:
| /* confdefs.h */
| #define PACKAGE_NAME ""
| #define PACKAGE_TARNAME ""
| #define PACKAGE_VERSION ""
| #define PACKAGE_STRING ""
| #define PACKAGE_BUGREPORT ""
| #define PACKAGE_URL ""
| #define VERSION "1.0.7.22"
| #define VERSION_MAJOR 1
| #define VERSION_MINOR 0
| #define VERSION_REVISION 7.22
| #define COPYRIGHT "Copyright (C) 1997-2021 MBSE Development Team, All Rights Reserved"
| #define SHORTRIGHT "Copyright (C) 1997-2021 MBSE DevTm"
| #define STDC_HEADERS 1
| #define HAVE_SYS_TYPES_H 1
| #define HAVE_SYS_STAT_H 1
| #define HAVE_STDLIB_H 1
| #define HAVE_STRING_H 1
| #define HAVE_MEMORY_H 1
| #define HAVE_STRINGS_H 1
| #define HAVE_INTTYPES_H 1
| #define HAVE_STDINT_H 1
| #define HAVE_UNISTD_H 1
| /* end confdefs.h.  */
| 
| /* Override any GCC internal prototype to avoid an error.
|    Use char because int might match the return type of a GCC
|    builtin and then its argument prototype would still apply.  */
| #ifdef __cplusplus
| extern "C"
| #endif
| char setspent ();
| int
| main ()
| {
| return setspent ();
|   ;
|   return 0;
| }
configure:4503: result: no
configure:4516: checking for getspnam in -lshadow
configure:4541: gcc -o conftest -O2 -fno-strict-aliasing -Wall -Wshadow -Wwrite-strings -Wstrict-prototypes -D_REENTRANT -I/usr/local/include -I/usr/local/include -L/usr/local/lib conftest.c -lshadow   >&5
conftest.c:32:1: warning: function declaration isn't a prototype [-Wstrict-prototypes]
 char getspnam ();
 ^
conftest.c:34:1: warning: function declaration isn't a prototype [-Wstrict-prototypes]
 main ()
 ^
/usr/lib64/gcc/x86_64-slackware-linux/5.5.0/../../../../x86_64-slackware-linux/bin/ld: cannot find -lshadow
collect2: error: ld returned 1 exit status
configure:4541: $? = 1
configure: failed program was:
| /* confdefs.h */
| #define PACKAGE_NAME ""
| #define PACKAGE_TARNAME ""
| #define PACKAGE_VERSION ""
| #define PACKAGE_STRING ""
| #define PACKAGE_BUGREPORT ""
| #define PACKAGE_URL ""
| #define VERSION "1.0.7.22"
| #define VERSION_MAJOR 1
| #define VERSION_MINOR 0
| #define VERSION_REVISION 7.22
| #define COPYRIGHT "Copyright (C) 1997-2021 MBSE Development Team, All Rights Reserved"
| #define SHORTRIGHT "Copyright (C) 1997-2021 MBSE DevTm"
| #define STDC_HEADERS 1
| #define HAVE_SYS_TYPES_H 1
| #define HAVE_SYS_STAT_H 1
| #define HAVE_STDLIB_H 1
| #define HAVE_STRING_H 1
| #define HAVE_MEMORY_H 1
| #define HAVE_STRINGS_H 1
| #define HAVE_INTTYPES_H 1
| #define HAVE_STDINT_H 1
| #define HAVE_UNISTD_H 1
| /* end confdefs.h.  */
| 
| /* Override any GCC internal prototype to avoid an error.
|    Use char because int might match the return type of a GCC
|    builtin and then its argument prototype would still apply.  */
| #ifdef __cplusplus
| extern "C"
| #endif
| char getspnam ();
| int
| main ()
| {
| return getspnam ();
|   ;
|   return 0;
| }
configure:4550: result: no
configure:4564: checking for setspent in -lc
configure:4589: gcc -o conftest -O2 -fno-strict-aliasing -Wall -Wshadow -Wwrite-strings -Wstrict-prototypes -D_REENTRANT -I/usr/local/include -I/usr/local/include -L/usr/local/lib conftest.c -lc   >&5
conftest.c:32:1: warning: function declaration isn't a prototype [-Wstrict-prototypes]
 char setspent ();
 ^
conftest.c:34:1: warning: function declaration isn't a prototype [-Wstrict-prototypes]
 main ()
 ^
configure:4589: $? = 0
configure:4598: result: yes
configure:4616: checking for fgetspent in -lshadow
configure:4641: gcc -o conftest -O2 -fno-strict-aliasing -Wall -Wshadow -Wwrite-strings -Wstrict-prototypes -D_REENTRANT -I/usr/local/include -I/usr/local/include -L/usr/local/lib conftest.c -lshadow   >&5
conftest.c:32:1: warning: function declaration isn't a prototype [-Wstrict-prototypes]
 char fgetspent ();
 ^
conftest.c:34:1: warning: function declaration isn't a prototype [-Wstrict-prototypes]
 main ()
 ^
/usr/lib64/gcc/x86_64-slackware-linux/5.5.0/../../../../x86_64-slackware-linux/bin/ld: cannot find -lshadow
collect2: error: ld returned 1 exit status
configure:4641: $? = 1
configure: failed program was:
| /* confdefs.h */
| #define PACKAGE_NAME ""
| #define PACKAGE_TARNAME ""
| #define PACKAGE_VERSION ""
| #define PACKAGE_STRING ""
| #define PACKAGE_BUGREPORT ""
| #define PACKAGE_URL ""
| #define VERSION "1.0.7.22"
| #define VERSION_MAJOR 1
| #define VERSION_MINOR 0
| #define VERSION_REVISION 7.22
| #define COPYRIGHT "Copyright (C) 1997-2021 MBSE Development Team, All Rights Reserved"
| #define SHORTRIGHT "Copyright (C) 1997-2021 MBSE DevTm"
| #define STDC_HEADERS 1
| #define HAVE_SYS_TYPES_H 1
| #define HAVE_SYS_STAT_H 1
| #define HAVE_STDLIB_H 1
| #define HAVE_STRING_H 1
| #define HAVE_MEMORY_H 1
| #define HAVE_STRINGS_H 1
| #define HAVE_INTTYPES_H 1
| #define HAVE_STDINT_H 1
| #define HAVE_UNISTD_H 1
| /* end confdefs.h.  */
| 
| /* Override any GCC internal prototype to avoid an error.
|    Use char because int might match the return type of a GCC
|    builtin and then its argument prototype would still apply.  */
| #ifdef __cplusplus
| extern "C"
| #endif
| char fgetspent ();
| int
| main ()
| {
| return fgetspent ();
|   ;
|   return 0;
| }
configure:4650: result: no
configure:4668: checking for crypt in -lcrypt
configure:4693: gcc -o conftest -O2 -fno-strict-aliasing -Wall -Wshadow -Wwrite-strings -Wstrict-prototypes -D_REENTRANT -I/usr/local/include -I/usr/local/include -L/usr/local/lib conftest.c -lcrypt   >&5
conftest.c:33:1: warning: function declaration isn't a prototype [-Wstrict-prototypes]
 char crypt ();
 ^
conftest.c:35:1: warning: function declaration isn't a prototype [-Wstrict-prototypes]
 main ()
 ^
configure:4693: $? = 0
configure:4702: result: yes
configure:4714: checking for login in -lutil
configure:4739: gcc -o conftest -O2 -fno-strict-aliasing -Wall -Wshadow -Wwrite-strings -Wstrict-prototypes -D_REENTRANT -I/usr/local/include -I/usr/local/include -L/usr/local/lib conftest.c -lutil   -lcrypt >&5
conftest.c:33:1: warning: function declaration isn't a prototype [-Wstrict-prototypes]
 char login ();
 ^
conftest.c:35:1: warning: function declaration isn't a prototype [-Wstrict-prototypes]
 main ()
 ^
configure:4739: $? = 0
configure:4748: result: yes
configure:4760: checking util.h usability
configure:4760: gcc -c -O2 -fno-strict-aliasing -Wall -Wshadow -Wwrite-strings -Wstrict-prototypes -D_REENTRANT -I/usr/local/include -I/usr/local/include conftest.c >&5
conftest.c:59:18: fatal error: util.h: No such file or directory
compilation terminated.
configure:4760: $? = 1
configure: failed program was:
| /* confdefs.h */
| #define PACKAGE_NAME ""
| #define PACKAGE_TARNAME ""
| #define PACKAGE_VERSION ""
| #define PACKAGE_STRING ""
| #define PACKAGE_BUGREPORT ""
| #define PACKAGE_URL ""
| #define VERSION "1.0.7.22"
| #define VERSION_MAJOR 1
| #define VERSION_MINOR 0
| #define VERSION_REVISION 7.22
| #define COPYRIGHT "Copyright (C) 1997-2021 MBSE Development Team, All Rights Reserved"
| #define SHORTRIGHT "Copyright (C) 1997-2021 MBSE DevTm"
| #define STDC_HEADERS 1
| #define HAVE_SYS_TYPES_H 1
| #define HAVE_SYS_STAT_H 1
| #define HAVE_STDLIB_H 1
| #define HAVE_STRING_H 1
| #define HAVE_MEMORY_H 1
| #define HAVE_STRINGS_H 1
| #define HAVE_INTTYPES_H 1
| #define HAVE_STDINT_H 1
| #define HAVE_UNISTD_H 1
| #define SHADOW_PASSWORD 1
| /* end confdefs.h.  */
| #include <stdio.h>
| #ifdef HAVE_SYS_TYPES_H
| # include <sys/types.h>
| #endif
| #ifdef HAVE_SYS_STAT_H
| # include <sys/stat.h>
| #endif
| #ifdef STDC_HEADERS
| # include <stdlib.h>
| # include <stddef.h>
| #else
| # ifdef HAVE_STDLIB_H
| #  include <stdlib.h>
| # endif
| #endif
| #ifdef HAVE_STRING_H
| # if !defined STDC_HEADERS && defined HAVE_MEMORY_H
| #  include <memory.h>
| # endif
| # include <string.h>
| #endif
| #ifdef HAVE_STRINGS_H
| # include <strings.h>
| #endif
| #ifdef HAVE_INTTYPES_H
| # include <inttypes.h>
| #endif
| #ifdef HAVE_STDINT_H
| # include <stdint.h>
| #endif
| #ifdef HAVE_UNISTD_H
| # include <unistd.h>
| #endif
| #include <util.h>
configure:4760: result: no
configure:4760: checking util.h presence
configure:4760: gcc -E -I/usr/local/include conftest.c
conftest.c:26:18: fatal error: util.h: No such file or directory
compilation terminated.
configure:4760: $? = 1
configure: failed program was:
| /* confdefs.h */
| #define PACKAGE_NAME ""
| #define PACKAGE_TARNAME ""
| #define PACKAGE_VERSION ""
| #define PACKAGE_STRING ""
| #define PACKAGE_BUGREPORT ""
| #define PACKAGE_URL ""
| #define VERSION "1.0.7.22"
| #define VERSION_MAJOR 1
| #define VERSION_MINOR 0
| #define VERSION_REVISION 7.22
| #define COPYRIGHT "Copyright (C) 1997-2021 MBSE Development Team, All Rights Reserved"
| #define SHORTRIGHT "Copyright (C) 1997-2021 MBSE DevTm"
| #define STDC_HEADERS 1
| #define HAVE_SYS_TYPES_H 1
| #define HAVE_SYS_STAT_H 1
| #define HAVE_STDLIB_H 1
| #define HAVE_STRING_H 1
| #define HAVE_MEMORY_H 1
| #define HAVE_STRINGS_H 1
| #define HAVE_INTTYPES_H 1
| #define HAVE_STDINT_H 1
| #define HAVE_UNISTD_H 1
| #define SHADOW_PASSWORD 1
| /* end confdefs.h.  */
| #include <util.h>
configure:4760: result: no
configure:4760: checking for util.h
configure:4760: result: no
configure:4772: checking libutil.h usability
configure:4772: gcc -c -O2 -fno-strict-aliasing -Wall -Wshadow -Wwrite-strings -Wstrict-prototypes -D_REENTRANT -I/usr/local/include -I/usr/local/include conftest.c >&5
conftest.c:59:21: fatal error: libutil.h: No such file or directory
compilation terminated.
configure:4772: $? = 1
configure: failed program was:
| /* confdefs.h */
| #define PACKAGE_NAME ""
| #define PACKAGE_TARNAME ""
| #define PACKAGE_VERSION ""
| #define PACKAGE_STRING ""
| #define PACKAGE_BUGREPORT ""
| #define PACKAGE_URL ""
| #define VERSION "1.0.7.22"
| #define VERSION_MAJOR 1
| #define VERSION_MINOR 0
| #define VERSION_REVISION 7.22
| #define COPYRIGHT "Copyright (C) 1997-2021 MBSE Development Team, All Rights Reserved"
| #define SHORTRIGHT "Copyright (C) 1997-2021 MBSE DevTm"
| #define STDC_HEADERS 1
| #define HAVE_SYS_TYPES_H 1
| #define HAVE_SYS_STAT_H 1
| #define HAVE_STDLIB_H 1
| #define HAVE_STRING_H 1
| #define HAVE_MEMORY_H 1
| #define HAVE_STRINGS_H 1
| #define HAVE_INTTYPES_H 1
| #define HAVE_STDINT_H 1
| #define HAVE_UNISTD_H 1
| #define SHADOW_PASSWORD 1
| /* end confdefs.h.  */
| #include <stdio.h>
| #ifdef HAVE_SYS_TYPES_H
| # include <sys/types.h>
| #endif
| #ifdef HAVE_SYS_STAT_H
| # include <sys/stat.h>
| #endif
| #ifdef STDC_HEADERS
| # include <stdlib.h>
| # include <stddef.h>
| #else
| # ifdef HAVE_STDLIB_H
| #  include <stdlib.h>
| # endif
| #endif
| #ifdef HAVE_STRING_H
| # if !defined STDC_HEADERS && defined HAVE_MEMORY_H
| #  include <memory.h>
| # endif
| # include <string.h>
| #endif
| #ifdef HAVE_STRINGS_H
| # include <strings.h>
| #endif
| #ifdef HAVE_INTTYPES_H
| # include <inttypes.h>
| #endif
| #ifdef HAVE_STDINT_H
| # include <stdint.h>
| #endif
| #ifdef HAVE_UNISTD_H
| # include <unistd.h>
| #endif
| #include <libutil.h>
configure:4772: result: no
configure:4772: checking libutil.h presence
configure:4772: gcc -E -I/usr/local/include conftest.c
conftest.c:26:21: fatal error: libutil.h: No such file or directory
compilation terminated.
configure:4772: $? = 1
configure: failed program was:
| /* confdefs.h */
| #define PACKAGE_NAME ""
| #define PACKAGE_TARNAME ""
| #define PACKAGE_VERSION ""
| #define PACKAGE_STRING ""
| #define PACKAGE_BUGREPORT ""
| #define PACKAGE_URL ""
| #define VERSION "1.0.7.22"
| #define VERSION_MAJOR 1
| #define VERSION_MINOR 0
| #define VERSION_REVISION 7.22
| #define COPYRIGHT "Copyright (C) 1997-2021 MBSE Development Team, All Rights Reserved"
| #define SHORTRIGHT "Copyright (C) 1997-2021 MBSE DevTm"
| #define STDC_HEADERS 1
| #define HAVE_SYS_TYPES_H 1
| #define HAVE_SYS_STAT_H 1
| #define HAVE_STDLIB_H 1
| #define HAVE_STRING_H 1
| #define HAVE_MEMORY_H 1
| #define HAVE_STRINGS_H 1
| #define HAVE_INTTYPES_H 1
| #define HAVE_STDINT_H 1
| #define HAVE_UNISTD_H 1
| #define SHADOW_PASSWORD 1
| /* end confdefs.h.  */
| #include <libutil.h>
configure:4772: result: no
configure:4772: checking for libutil.h
configure:4772: result: no
configure:4784: checking for sys/types.h
configure:4784: result: yes
configure:4801: checking for compress2 in -lz
configure:4826: gcc -o conftest -O2 -fno-strict-aliasing -Wall -Wshadow -Wwrite-strings -Wstrict-prototypes -D_REENTRANT -I/usr/local/include -I/usr/local/include -L/usr/local/lib conftest.c -lz   -lcrypt -lutil >&5
conftest.c:34:1: warning: function declaration isn't a prototype [-Wstrict-prototypes]
 char compress2 ();
 ^
conftest.c:36:1: warning: function declaration isn't a prototype [-Wstrict-prototypes]
 main ()
 ^
configure:4826: $? = 0
configure:4835: result: yes
configure:4847: checking zlib.h usability
configure:4847: gcc -c -O2 -fno-strict-aliasing -Wall -Wshadow -Wwrite-strings -Wstrict-prototypes -D_REENTRANT -I/usr/local/include -I/usr/local/include conftest.c >&5
configure:4847: $? = 0
configure:4847: result: yes
configure:4847: checking zlib.h presence
configure:4847: gcc -E -I/usr/local/include conftest.c
configure:4847: $? = 0
configure:4847: result: yes
configure:4847: checking for zlib.h
configure:4847: result: yes
configure:4861: checking for BZ2_bzCompressInit in -lbz2
configure:4886: gcc -o conftest -O2 -fno-strict-aliasing -Wall -Wshadow -Wwrite-strings -Wstrict-prototypes -D_REENTRANT -I/usr/local/include -I/usr/local/include -L/usr/local/lib conftest.c -lbz2   -lcrypt -lutil -lz >&5
conftest.c:35:1: warning: function declaration isn't a prototype [-Wstrict-prototypes]
 char BZ2_bzCompressInit ();
 ^
conftest.c:37:1: warning: function declaration isn't a prototype [-Wstrict-prototypes]
 main ()
 ^
configure:4886: $? = 0
configure:4895: result: yes
configure:4907: checking bzlib.h usability
configure:4907: gcc -c -O2 -fno-strict-aliasing -Wall -Wshadow -Wwrite-strings -Wstrict-prototypes -D_REENTRANT -I/usr/local/include -I/usr/local/include conftest.c >&5
configure:4907: $? = 0
configure:4907: result: yes
configure:4907: checking bzlib.h presence
configure:4907: gcc -E -I/usr/local/include conftest.c
configure:4907: $? = 0
configure:4907: result: yes
configure:4907: checking for bzlib.h
configure:4907: result: yes
configure:4925: checking for iconv_open
configure:4925: gcc -o conftest -O2 -fno-strict-aliasing -Wall -Wshadow -Wwrite-strings -Wstrict-prototypes -D_REENTRANT -I/usr/local/include -I/usr/local/include -L/usr/local/lib conftest.c  -lcrypt -lutil -lz -lbz2 >&5
conftest.c:52:1: warning: function declaration isn't a prototype [-Wstrict-prototypes]
 char iconv_open ();
 ^
conftest.c:61:1: warning: function declaration isn't a prototype [-Wstrict-prototypes]
 main ()
 ^
configure:4925: $? = 0
configure:4925: result: yes
configure:4981: checking iconv.h usability
configure:4981: gcc -c -O2 -fno-strict-aliasing -Wall -Wshadow -Wwrite-strings -Wstrict-prototypes -D_REENTRANT -I/usr/local/include -I/usr/local/include conftest.c >&5
configure:4981: $? = 0
configure:4981: result: yes
configure:4981: checking iconv.h presence
configure:4981: gcc -E -I/usr/local/include conftest.c
configure:4981: $? = 0
configure:4981: result: yes
configure:4981: checking for iconv.h
configure:4981: result: yes
configure:4996: checking for ANSI C header files
configure:5100: result: yes
configure:5111: checking for dirent.h that defines DIR
configure:5130: gcc -c -O2 -fno-strict-aliasing -Wall -Wshadow -Wwrite-strings -Wstrict-prototypes -D_REENTRANT -I/usr/local/include -I/usr/local/include conftest.c >&5
conftest.c:35:1: warning: function declaration isn't a prototype [-Wstrict-prototypes]
 main ()
 ^
configure:5130: $? = 0
configure:5138: result: yes
configure:5151: checking for library containing opendir
configure:5182: gcc -o conftest -O2 -fno-strict-aliasing -Wall -Wshadow -Wwrite-strings -Wstrict-prototypes -D_REENTRANT -I/usr/local/include -I/usr/local/include -L/usr/local/lib conftest.c  -lcrypt -lutil -lz -lbz2 >&5
conftest.c:39:1: warning: function declaration isn't a prototype [-Wstrict-prototypes]
 char opendir ();
 ^
conftest.c:41:1: warning: function declaration isn't a prototype [-Wstrict-prototypes]
 main ()
 ^
configure:5182: $? = 0
configure:5199: result: none required
configure:5266: checking whether time.h and sys/time.h may both be included
configure:5286: gcc -c -O2 -fno-strict-aliasing -Wall -Wshadow -Wwrite-strings -Wstrict-prototypes -D_REENTRANT -I/usr/local/include -I/usr/local/include conftest.c >&5
conftest.c:37:1: warning: function declaration isn't a prototype [-Wstrict-prototypes]
 main ()
 ^
configure:5286: $? = 0
configure:5293: result: yes
configure:5301: checking for sys/wait.h that is POSIX.1 compatible
configure:5327: gcc -c -O2 -fno-strict-aliasing -Wall -Wshadow -Wwrite-strings -Wstrict-prototypes -D_REENTRANT -I/usr/local/include -I/usr/local/include conftest.c >&5
conftest.c:43:1: warning: function declaration isn't a prototype [-Wstrict-prototypes]
 main ()
 ^
configure:5327: $? = 0
configure:5334: result: yes
configure:5345: checking termios.h usability
configure:5345: gcc -c -O2 -fno-strict-aliasing -Wall -Wshadow -Wwrite-strings -Wstrict-prototypes -D_REENTRANT -I/usr/local/include -I/usr/local/include conftest.c >&5
configure:5345: $? = 0
configure:5345: result: yes
configure:5345: checking termios.h presence
configure:5345: gcc -E -I/usr/local/include conftest.c
configure:5345: $? = 0
configure:5345: result: yes
configure:5345: checking for termios.h
configure:5345: result: yes
configure:5345: checking sys/termios.h usability
configure:5345: gcc -c -O2 -fno-strict-aliasing -Wall -Wshadow -Wwrite-strings -Wstrict-prototypes -D_REENTRANT -I/usr/local/include -I/usr/local/include conftest.c >&5
configure:5345: $? = 0
configure:5345: result: yes
configure:5345: checking sys/termios.h presence
configure:5345: gcc -E -I/usr/local/include conftest.c
configure:5345: $? = 0
configure:5345: result: yes
configure:5345: checking for sys/termios.h
configure:5345: result: yes
configure:5345: checking termio.h usability
configure:5345: gcc -c -O2 -fno-strict-aliasing -Wall -Wshadow -Wwrite-strings -Wstrict-prototypes -D_REENTRANT -I/usr/local/include -I/usr/local/include conftest.c >&5
configure:5345: $? = 0
configure:5345: result: yes
configure:5345: checking termio.h presence
configure:5345: gcc -E -I/usr/local/include conftest.c
configure:5345: $? = 0
configure:5345: result: yes
configure:5345: checking for termio.h
configure:5345: result: yes
configure:5345: checking sys/termio.h usability
configure:5345: gcc -c -O2 -fno-strict-aliasing -Wall -Wshadow -Wwrite-strings -Wstrict-prototypes -D_REENTRANT -I/usr/local/include -I/usr/local/include conftest.c >&5
conftest.c:70:24: fatal error: sys/termio.h: No such file or directory
compilation terminated.
configure:5345: $? = 1
configure: failed program was:
| /* confdefs.h */
| #define PACKAGE_NAME ""
| #define PACKAGE_TARNAME ""
| #define PACKAGE_VERSION ""
| #define PACKAGE_STRING ""
| #define PACKAGE_BUGREPORT ""
| #define PACKAGE_URL ""
| #define VERSION "1.0.7.22"
| #define VERSION_MAJOR 1
| #define VERSION_MINOR 0
| #define VERSION_REVISION 7.22
| #define COPYRIGHT "Copyright (C) 1997-2021 MBSE Development Team, All Rights Reserved"
| #define SHORTRIGHT "Copyright (C) 1997-2021 MBSE DevTm"
| #define STDC_HEADERS 1
| #define HAVE_SYS_TYPES_H 1
| #define HAVE_SYS_STAT_H 1
| #define HAVE_STDLIB_H 1
| #define HAVE_STRING_H 1
| #define HAVE_MEMORY_H 1
| #define HAVE_STRINGS_H 1
| #define HAVE_INTTYPES_H 1
| #define HAVE_STDINT_H 1
| #define HAVE_UNISTD_H 1
| #define SHADOW_PASSWORD 1
| #define HAVE_SYS_TYPES_H 1
| #define HAVE_ZLIB_H 1
| #define HAVE_BZLIB_H 1
| #define HAVE_ICONV_H 1
| #define STDC_HEADERS 1
| #define HAVE_DIRENT_H 1
| #define TIME_WITH_SYS_TIME 1
| #define HAVE_SYS_WAIT_H 1
| #define HAVE_TERMIOS_H 1
| #define HAVE_SYS_TERMIOS_H 1
| #define HAVE_TERMIO_H 1
| /* end confdefs.h.  */
| #include <stdio.h>
| #ifdef HAVE_SYS_TYPES_H
| # include <sys/types.h>
| #endif
| #ifdef HAVE_SYS_STAT_H
| # include <sys/stat.h>
| #endif
| #ifdef STDC_HEADERS
| # include <stdlib.h>
| # include <stddef.h>
| #else
| # ifdef HAVE_STDLIB_H
| #  include <stdlib.h>
| # endif
| #endif
| #ifdef HAVE_STRING_H
| # if !defined STDC_HEADERS && defined HAVE_MEMORY_H
| #  include <memory.h>
| # endif
| # include <string.h>
| #endif
| #ifdef HAVE_STRINGS_H
| # include <strings.h>
| #endif
| #ifdef HAVE_INTTYPES_H
| # include <inttypes.h>
| #endif
| #ifdef HAVE_STDINT_H
| # include <stdint.h>
| #endif
| #ifdef HAVE_UNISTD_H
| # include <unistd.h>
| #endif
| #include <sys/termio.h>
configure:5345: result: no
configure:5345: checking sys/termio.h presence
configure:5345: gcc -E -I/usr/local/include conftest.c
conftest.c:37:24: fatal error: sys/termio.h: No such file or directory
compilation terminated.
configure:5345: $? = 1
configure: failed program was:
| /* confdefs.h */
| #define PACKAGE_NAME ""
| #define PACKAGE_TARNAME ""
| #define PACKAGE_VERSION ""
| #define PACKAGE_STRING ""
| #define PACKAGE_BUGREPORT ""
| #define PACKAGE_URL ""
| #define VERSION "1.0.7.22"
| #define VERSION_MAJOR 1
| #define VERSION_MINOR 0
| #define VERSION_REVISION 7.22
| #define COPYRIGHT "Copyright (C) 1997-2021 MBSE Development Team, All Rights Reserved"
| #define SHORTRIGHT "Copyright (C) 1997-2021 MBSE DevTm"
| #define STDC_HEADERS 1
| #define HAVE_SYS_TYPES_H 1
| #define HAVE_SYS_STAT_H 1
| #define HAVE_STDLIB_H 1
| #define HAVE_STRING_H 1
| #define HAVE_MEMORY_H 1
| #define HAVE_STRINGS_H 1
| #define HAVE_INTTYPES_H 1
| #define HAVE_STDINT_H 1
| #define HAVE_UNISTD_H 1
| #define SHADOW_PASSWORD 1
| #define HAVE_SYS_TYPES_H 1
| #define HAVE_ZLIB_H 1
| #define HAVE_BZLIB_H 1
| #define HAVE_ICONV_H 1
| #define STDC_HEADERS 1
| #define HAVE_DIRENT_H 1
| #define TIME_WITH_SYS_TIME 1
| #define HAVE_SYS_WAIT_H 1
| #define HAVE_TERMIOS_H 1
| #define HAVE_SYS_TERMIOS_H 1
| #define HAVE_TERMIO_H 1
| /* end confdefs.h.  */
| #include <sys/termio.h>
configure:5345: result: no
configure:5345: checking for sys/termio.h
configure:5345: result: no
configure:5345: checking sgtty.h usability
configure:5345: gcc -c -O2 -fno-strict-aliasing -Wall -Wshadow -Wwrite-strings -Wstrict-prototypes -D_REENTRANT -I/usr/local/include -I/usr/local/include conftest.c >&5
configure:5345: $? = 0
configure:5345: result: yes
configure:5345: checking sgtty.h presence
configure:5345: gcc -E -I/usr/local/include conftest.c
configure:5345: $? = 0
configure:5345: result: yes
configure:5345: checking for sgtty.h
configure:5345: result: yes
configure:5358: checking sys/time.h usability
configure:5358: gcc -c -O2 -fno-strict-aliasing -Wall -Wshadow -Wwrite-strings -Wstrict-prototypes -D_REENTRANT -I/usr/local/include -I/usr/local/include conftest.c >&5
configure:5358: $? = 0
configure:5358: result: yes
configure:5358: checking sys/time.h presence
configure:5358: gcc -E -I/usr/local/include conftest.c
configure:5358: $? = 0
configure:5358: result: yes
configure:5358: checking for sys/time.h
configure:5358: result: yes
configure:5358: checking sys/vfs.h usability
configure:5358: gcc -c -O2 -fno-strict-aliasing -Wall -Wshadow -Wwrite-strings -Wstrict-prototypes -D_REENTRANT -I/usr/local/include -I/usr/local/include conftest.c >&5
configure:5358: $? = 0
configure:5358: result: yes
configure:5358: checking sys/vfs.h presence
configure:5358: gcc -E -I/usr/local/include conftest.c
configure:5358: $? = 0
configure:5358: result: yes
configure:5358: checking for sys/vfs.h
configure:5358: result: yes
configure:5358: checking for unistd.h
configure:5358: result: yes
configure:5358: checking netinet/in.h usability
configure:5358: gcc -c -O2 -fno-strict-aliasing -Wall -Wshadow -Wwrite-strings -Wstrict-prototypes -D_REENTRANT -I/usr/local/include -I/usr/local/include conftest.c >&5
configure:5358: $? = 0
configure:5358: result: yes
configure:5358: checking netinet/in.h presence
configure:5358: gcc -E -I/usr/local/include conftest.c
configure:5358: $? = 0
configure:5358: result: yes
configure:5358: checking for netinet/in.h
configure:5358: result: yes
configure:5358: checking regex.h usability
configure:5358: gcc -c -O2 -fno-strict-aliasing -Wall -Wshadow -Wwrite-strings -Wstrict-prototypes -D_REENTRANT -I/usr/local/include -I/usr/local/include conftest.c >&5
configure:5358: $? = 0
configure:5358: result: yes
configure:5358: checking regex.h presence
configure:5358: gcc -E -I/usr/local/include conftest.c
configure:5358: $? = 0
configure:5358: result: yes
configure:5358: checking for regex.h
configure:5358: result: yes
configure:5371: checking sys/resource.h usability
configure:5371: gcc -c -O2 -fno-strict-aliasing -Wall -Wshadow -Wwrite-strings -Wstrict-prototypes -D_REENTRANT -I/usr/local/include -I/usr/local/include conftest.c >&5
configure:5371: $? = 0
configure:5371: result: yes
configure:5371: checking sys/resource.h presence
configure:5371: gcc -E -I/usr/local/include conftest.c
configure:5371: $? = 0
configure:5371: result: yes
configure:5371: checking for sys/resource.h
configure:5371: result: yes
configure:5371: checking usersec.h usability
configure:5371: gcc -c -O2 -fno-strict-aliasing -Wall -Wshadow -Wwrite-strings -Wstrict-prototypes -D_REENTRANT -I/usr/local/include -I/usr/local/include conftest.c >&5
conftest.c:77:21: fatal error: usersec.h: No such file or directory
compilation terminated.
configure:5371: $? = 1
configure: failed program was:
| /* confdefs.h */
| #define PACKAGE_NAME ""
| #define PACKAGE_TARNAME ""
| #define PACKAGE_VERSION ""
| #define PACKAGE_STRING ""
| #define PACKAGE_BUGREPORT ""
| #define PACKAGE_URL ""
| #define VERSION "1.0.7.22"
| #define VERSION_MAJOR 1
| #define VERSION_MINOR 0
| #define VERSION_REVISION 7.22
| #define COPYRIGHT "Copyright (C) 1997-2021 MBSE Development Team, All Rights Reserved"
| #define SHORTRIGHT "Copyright (C) 1997-2021 MBSE DevTm"
| #define STDC_HEADERS 1
| #define HAVE_SYS_TYPES_H 1
| #define HAVE_SYS_STAT_H 1
| #define HAVE_STDLIB_H 1
| #define HAVE_STRING_H 1
| #define HAVE_MEMORY_H 1
| #define HAVE_STRINGS_H 1
| #define HAVE_INTTYPES_H 1
| #define HAVE_STDINT_H 1
| #define HAVE_UNISTD_H 1
| #define SHADOW_PASSWORD 1
| #define HAVE_SYS_TYPES_H 1
| #define HAVE_ZLIB_H 1
| #define HAVE_BZLIB_H 1
| #define HAVE_ICONV_H 1
| #define STDC_HEADERS 1
| #define HAVE_DIRENT_H 1
| #define TIME_WITH_SYS_TIME 1
| #define HAVE_SYS_WAIT_H 1
| #define HAVE_TERMIOS_H 1
| #define HAVE_SYS_TERMIOS_H 1
| #define HAVE_TERMIO_H 1
| #define HAVE_SGTTY_H 1
| #define HAVE_SYS_TIME_H 1
| #define HAVE_SYS_VFS_H 1
| #define HAVE_UNISTD_H 1
| #define HAVE_NETINET_IN_H 1
| #define HAVE_REGEX_H 1
| #define HAVE_SYS_RESOURCE_H 1
| /* end confdefs.h.  */
| #include <stdio.h>
| #ifdef HAVE_SYS_TYPES_H
| # include <sys/types.h>
| #endif
| #ifdef HAVE_SYS_STAT_H
| # include <sys/stat.h>
| #endif
| #ifdef STDC_HEADERS
| # include <stdlib.h>
| # include <stddef.h>
| #else
| # ifdef HAVE_STDLIB_H
| #  include <stdlib.h>
| # endif
| #endif
| #ifdef HAVE_STRING_H
| # if !defined STDC_HEADERS && defined HAVE_MEMORY_H
| #  include <memory.h>
| # endif
| # include <string.h>
| #endif
| #ifdef HAVE_STRINGS_H
| # include <strings.h>
| #endif
| #ifdef HAVE_INTTYPES_H
| # include <inttypes.h>
| #endif
| #ifdef HAVE_STDINT_H
| # include <stdint.h>
| #endif
| #ifdef HAVE_UNISTD_H
| # include <unistd.h>
| #endif
| #include <usersec.h>
configure:5371: result: no
configure:5371: checking usersec.h presence
configure:5371: gcc -E -I/usr/local/include conftest.c
conftest.c:44:21: fatal error: usersec.h: No such file or directory
compilation terminated.
configure:5371: $? = 1
configure: failed program was:
| /* confdefs.h */
| #define PACKAGE_NAME ""
| #define PACKAGE_TARNAME ""
| #define PACKAGE_VERSION ""
| #define PACKAGE_STRING ""
| #define PACKAGE_BUGREPORT ""
| #define PACKAGE_URL ""
| #define VERSION "1.0.7.22"
| #define VERSION_MAJOR 1
| #define VERSION_MINOR 0
| #define VERSION_REVISION 7.22
| #define COPYRIGHT "Copyright (C) 1997-2021 MBSE Development Team, All Rights Reserved"
| #define SHORTRIGHT "Copyright (C) 1997-2021 MBSE DevTm"
| #define STDC_HEADERS 1
| #define HAVE_SYS_TYPES_H 1
| #define HAVE_SYS_STAT_H 1
| #define HAVE_STDLIB_H 1
| #define HAVE_STRING_H 1
| #define HAVE_MEMORY_H 1
| #define HAVE_STRINGS_H 1
| #define HAVE_INTTYPES_H 1
| #define HAVE_STDINT_H 1
| #define HAVE_UNISTD_H 1
| #define SHADOW_PASSWORD 1
| #define HAVE_SYS_TYPES_H 1
| #define HAVE_ZLIB_H 1
| #define HAVE_BZLIB_H 1
| #define HAVE_ICONV_H 1
| #define STDC_HEADERS 1
| #define HAVE_DIRENT_H 1
| #define TIME_WITH_SYS_TIME 1
| #define HAVE_SYS_WAIT_H 1
| #define HAVE_TERMIOS_H 1
| #define HAVE_SYS_TERMIOS_H 1
| #define HAVE_TERMIO_H 1
| #define HAVE_SGTTY_H 1
| #define HAVE_SYS_TIME_H 1
| #define HAVE_SYS_VFS_H 1
| #define HAVE_UNISTD_H 1
| #define HAVE_NETINET_IN_H 1
| #define HAVE_REGEX_H 1
| #define HAVE_SYS_RESOURCE_H 1
| /* end confdefs.h.  */
| #include <usersec.h>
configure:5371: result: no
configure:5371: checking for usersec.h
configure:5371: result: no
configure:5371: checking gshadow.h usability
configure:5371: gcc -c -O2 -fno-strict-aliasing -Wall -Wshadow -Wwrite-strings -Wstrict-prototypes -D_REENTRANT -I/usr/local/include -I/usr/local/include conftest.c >&5
configure:5371: $? = 0
configure:5371: result: yes
configure:5371: checking gshadow.h presence
configure:5371: gcc -E -I/usr/local/include conftest.c
configure:5371: $? = 0
configure:5371: result: yes
configure:5371: checking for gshadow.h
configure:5371: result: yes
configure:5371: checking shadow.h usability
configure:5371: gcc -c -O2 -fno-strict-aliasing -Wall -Wshadow -Wwrite-strings -Wstrict-prototypes -D_REENTRANT -I/usr/local/include -I/usr/local/include conftest.c >&5
configure:5371: $? = 0
configure:5371: result: yes
configure:5371: checking shadow.h presence
configure:5371: gcc -E -I/usr/local/include conftest.c
configure:5371: $? = 0
configure:5371: result: yes
configure:5371: checking for shadow.h
configure:5371: result: yes
configure:5371: checking crypt.h usability
configure:5371: gcc -c -O2 -fno-strict-aliasing -Wall -Wshadow -Wwrite-strings -Wstrict-prototypes -D_REENTRANT -I/usr/local/include -I/usr/local/include conftest.c >&5
configure:5371: $? = 0
configure:5371: result: yes
configure:5371: checking crypt.h presence
configure:5371: gcc -E -I/usr/local/include conftest.c
configure:5371: $? = 0
configure:5371: result: yes
configure:5371: checking for crypt.h
configure:5371: result: yes
configure:5384: checking limits.h usability
configure:5384: gcc -c -O2 -fno-strict-aliasing -Wall -Wshadow -Wwrite-strings -Wstrict-prototypes -D_REENTRANT -I/usr/local/include -I/usr/local/include conftest.c >&5
configure:5384: $? = 0
configure:5384: result: yes
configure:5384: checking limits.h presence
configure:5384: gcc -E -I/usr/local/include conftest.c
configure:5384: $? = 0
configure:5384: result: yes
configure:5384: checking for limits.h
configure:5384: result: yes
configure:5384: checking utmp.h usability
configure:5384: gcc -c -O2 -fno-strict-aliasing -Wall -Wshadow -Wwrite-strings -Wstrict-prototypes -D_REENTRANT -I/usr/local/include -I/usr/local/include conftest.c >&5
configure:5384: $? = 0
configure:5384: result: yes
configure:5384: checking utmp.h presence
configure:5384: gcc -E -I/usr/local/include conftest.c
configure:5384: $? = 0
configure:5384: result: yes
configure:5384: checking for utmp.h
configure:5384: result: yes
configure:5384: checking utmpx.h usability
configure:5384: gcc -c -O2 -fno-strict-aliasing -Wall -Wshadow -Wwrite-strings -Wstrict-prototypes -D_REENTRANT -I/usr/local/include -I/usr/local/include conftest.c >&5
configure:5384: $? = 0
configure:5384: result: yes
configure:5384: checking utmpx.h presence
configure:5384: gcc -E -I/usr/local/include conftest.c
configure:5384: $? = 0
configure:5384: result: yes
configure:5384: checking for utmpx.h
configure:5384: result: yes
configure:5384: checking lastlog.h usability
configure:5384: gcc -c -O2 -fno-strict-aliasing -Wall -Wshadow -Wwrite-strings -Wstrict-prototypes -D_REENTRANT -I/usr/local/include -I/usr/local/include conftest.c >&5
configure:5384: $? = 0
configure:5384: result: yes
configure:5384: checking lastlog.h presence
configure:5384: gcc -E -I/usr/local/include conftest.c
configure:5384: $? = 0
configure:5384: result: yes
configure:5384: checking for lastlog.h
configure:5384: result: yes
configure:5384: checking rpc/key_prot.h usability
configure:5384: gcc -c -O2 -fno-strict-aliasing -Wall -Wshadow -Wwrite-strings -Wstrict-prototypes -D_REENTRANT -I/usr/local/include -I/usr/local/include conftest.c >&5
configure:5384: $? = 0
configure:5384: result: yes
configure:5384: checking rpc/key_prot.h presence
configure:5384: gcc -E -I/usr/local/include conftest.c
configure:5384: $? = 0
configure:5384: result: yes
configure:5384: checking for rpc/key_prot.h
configure:5384: result: yes
configure:5394: checking whether struct tm is in sys/time.h or time.h
configure:5414: gcc -c -O2 -fno-strict-aliasing -Wall -Wshadow -Wwrite-strings -Wstrict-prototypes -D_REENTRANT -I/usr/local/include -I/usr/local/include conftest.c >&5
conftest.c:56:1: warning: function declaration isn't a prototype [-Wstrict-prototypes]
 main ()
 ^
configure:5414: $? = 0
configure:5421: result: time.h
configure:5429: checking for struct tm.tm_zone
configure:5429: gcc -c -O2 -fno-strict-aliasing -Wall -Wshadow -Wwrite-strings -Wstrict-prototypes -D_REENTRANT -I/usr/local/include -I/usr/local/include conftest.c >&5
conftest.c:57:1: warning: function declaration isn't a prototype [-Wstrict-prototypes]
 main ()
 ^
configure:5429: $? = 0
configure:5429: result: yes
configure:5500: checking for an ANSI C-conforming const
configure:5566: gcc -c -O2 -fno-strict-aliasing -Wall -Wshadow -Wwrite-strings -Wstrict-prototypes -D_REENTRANT -I/usr/local/include -I/usr/local/include conftest.c >&5
conftest.c:56:1: warning: function declaration isn't a prototype [-Wstrict-prototypes]
 main ()
 ^
configure:5566: $? = 0
configure:5573: result: yes
configure:5581: checking for uid_t in sys/types.h
configure:5600: result: yes
configure:5611: checking for off_t
configure:5611: gcc -c -O2 -fno-strict-aliasing -Wall -Wshadow -Wwrite-strings -Wstrict-prototypes -D_REENTRANT -I/usr/local/include -I/usr/local/include conftest.c >&5
conftest.c:88:1: warning: function declaration isn't a prototype [-Wstrict-prototypes]
 main ()
 ^
configure:5611: $? = 0
configure:5611: gcc -c -O2 -fno-strict-aliasing -Wall -Wshadow -Wwrite-strings -Wstrict-prototypes -D_REENTRANT -I/usr/local/include -I/usr/local/include conftest.c >&5
conftest.c:88:1: warning: function declaration isn't a prototype [-Wstrict-prototypes]
 main ()
 ^
conftest.c: In function 'main':
conftest.c:90:20: error: expected expression before ')' token
 if (sizeof ((off_t)))
                    ^
configure:5611: $? = 1
configure: failed program was:
| /* confdefs.h */
| #define PACKAGE_NAME ""
| #define PACKAGE_TARNAME ""
| #define PACKAGE_VERSION ""
| #define PACKAGE_STRING ""
| #define PACKAGE_BUGREPORT ""
| #define PACKAGE_URL ""
| #define VERSION "1.0.7.22"
| #define VERSION_MAJOR 1
| #define VERSION_MINOR 0
| #define VERSION_REVISION 7.22
| #define COPYRIGHT "Copyright (C) 1997-2021 MBSE Development Team, All Rights Reserved"
| #define SHORTRIGHT "Copyright (C) 1997-2021 MBSE DevTm"
| #define STDC_HEADERS 1
| #define HAVE_SYS_TYPES_H 1
| #define HAVE_SYS_STAT_H 1
| #define HAVE_STDLIB_H 1
| #define HAVE_STRING_H 1
| #define HAVE_MEMORY_H 1
| #define HAVE_STRINGS_H 1
| #define HAVE_INTTYPES_H 1
| #define HAVE_STDINT_H 1
| #define HAVE_UNISTD_H 1
| #define SHADOW_PASSWORD 1
| #define HAVE_SYS_TYPES_H 1
| #define HAVE_ZLIB_H 1
| #define HAVE_BZLIB_H 1
| #define HAVE_ICONV_H 1
| #define STDC_HEADERS 1
| #define HAVE_DIRENT_H 1
| #define TIME_WITH_SYS_TIME 1
| #define HAVE_SYS_WAIT_H 1
| #define HAVE_TERMIOS_H 1
| #define HAVE_SYS_TERMIOS_H 1
| #define HAVE_TERMIO_H 1
| #define HAVE_SGTTY_H 1
| #define HAVE_SYS_TIME_H 1
| #define HAVE_SYS_VFS_H 1
| #define HAVE_UNISTD_H 1
| #define HAVE_NETINET_IN_H 1
| #define HAVE_REGEX_H 1
| #define HAVE_SYS_RESOURCE_H 1
| #define HAVE_GSHADOW_H 1
| #define HAVE_SHADOW_H 1
| #define HAVE_CRYPT_H 1
| #define HAVE_LIMITS_H 1
| #define HAVE_UTMP_H 1
| #define HAVE_UTMPX_H 1
| #define HAVE_LASTLOG_H 1
| #define HAVE_RPC_KEY_PROT_H 1
| #define HAVE_STRUCT_TM_TM_ZONE 1
| #define HAVE_TM_ZONE 1
| /* end confdefs.h.  */
| #include <stdio.h>
| #ifdef HAVE_SYS_TYPES_H
| # include <sys/types.h>
| #endif
| #ifdef HAVE_SYS_STAT_H
| # include <sys/stat.h>
| #endif
| #ifdef STDC_HEADERS
| # include <stdlib.h>
| # include <stddef.h>
| #else
| # ifdef HAVE_STDLIB_H
| #  include <stdlib.h>
| # endif
| #endif
| #ifdef HAVE_STRING_H
| # if !defined STDC_HEADERS && defined HAVE_MEMORY_H
| #  include <memory.h>
| # endif
| # include <string.h>
| #endif
| #ifdef HAVE_STRINGS_H
| # include <strings.h>
| #endif
| #ifdef HAVE_INTTYPES_H
| # include <inttypes.h>
| #endif
| #ifdef HAVE_STDINT_H
| # include <stdint.h>
| #endif
| #ifdef HAVE_UNISTD_H
| # include <unistd.h>
| #endif
| int
| main ()
| {
| if (sizeof ((off_t)))
| 	    return 0;
|   ;
|   return 0;
| }
configure:5611: result: yes
configure:5622: checking for pid_t
configure:5622: gcc -c -O2 -fno-strict-aliasing -Wall -Wshadow -Wwrite-strings -Wstrict-prototypes -D_REENTRANT -I/usr/local/include -I/usr/local/include conftest.c >&5
conftest.c:88:1: warning: function declaration isn't a prototype [-Wstrict-prototypes]
 main ()
 ^
configure:5622: $? = 0
configure:5622: gcc -c -O2 -fno-strict-aliasing -Wall -Wshadow -Wwrite-strings -Wstrict-prototypes -D_REENTRANT -I/usr/local/include -I/usr/local/include conftest.c >&5
conftest.c:88:1: warning: function declaration isn't a prototype [-Wstrict-prototypes]
 main ()
 ^
conftest.c: In function 'main':
conftest.c:90:20: error: expected expression before ')' token
 if (sizeof ((pid_t)))
                    ^
configure:5622: $? = 1
configure: failed program was:
| /* confdefs.h */
| #define PACKAGE_NAME ""
| #define PACKAGE_TARNAME ""
| #define PACKAGE_VERSION ""
| #define PACKAGE_STRING ""
| #define PACKAGE_BUGREPORT ""
| #define PACKAGE_URL ""
| #define VERSION "1.0.7.22"
| #define VERSION_MAJOR 1
| #define VERSION_MINOR 0
| #define VERSION_REVISION 7.22
| #define COPYRIGHT "Copyright (C) 1997-2021 MBSE Development Team, All Rights Reserved"
| #define SHORTRIGHT "Copyright (C) 1997-2021 MBSE DevTm"
| #define STDC_HEADERS 1
| #define HAVE_SYS_TYPES_H 1
| #define HAVE_SYS_STAT_H 1
| #define HAVE_STDLIB_H 1
| #define HAVE_STRING_H 1
| #define HAVE_MEMORY_H 1
| #define HAVE_STRINGS_H 1
| #define HAVE_INTTYPES_H 1
| #define HAVE_STDINT_H 1
| #define HAVE_UNISTD_H 1
| #define SHADOW_PASSWORD 1
| #define HAVE_SYS_TYPES_H 1
| #define HAVE_ZLIB_H 1
| #define HAVE_BZLIB_H 1
| #define HAVE_ICONV_H 1
| #define STDC_HEADERS 1
| #define HAVE_DIRENT_H 1
| #define TIME_WITH_SYS_TIME 1
| #define HAVE_SYS_WAIT_H 1
| #define HAVE_TERMIOS_H 1
| #define HAVE_SYS_TERMIOS_H 1
| #define HAVE_TERMIO_H 1
| #define HAVE_SGTTY_H 1
| #define HAVE_SYS_TIME_H 1
| #define HAVE_SYS_VFS_H 1
| #define HAVE_UNISTD_H 1
| #define HAVE_NETINET_IN_H 1
| #define HAVE_REGEX_H 1
| #define HAVE_SYS_RESOURCE_H 1
| #define HAVE_GSHADOW_H 1
| #define HAVE_SHADOW_H 1
| #define HAVE_CRYPT_H 1
| #define HAVE_LIMITS_H 1
| #define HAVE_UTMP_H 1
| #define HAVE_UTMPX_H 1
| #define HAVE_LASTLOG_H 1
| #define HAVE_RPC_KEY_PROT_H 1
| #define HAVE_STRUCT_TM_TM_ZONE 1
| #define HAVE_TM_ZONE 1
| /* end confdefs.h.  */
| #include <stdio.h>
| #ifdef HAVE_SYS_TYPES_H
| # include <sys/types.h>
| #endif
| #ifdef HAVE_SYS_STAT_H
| # include <sys/stat.h>
| #endif
| #ifdef STDC_HEADERS
| # include <stdlib.h>
| # include <stddef.h>
| #else
| # ifdef HAVE_STDLIB_H
| #  include <stdlib.h>
| # endif
| #endif
| #ifdef HAVE_STRING_H
| # if !defined STDC_HEADERS && defined HAVE_MEMORY_H
| #  include <memory.h>
| # endif
| # include <string.h>
| #endif
| #ifdef HAVE_STRINGS_H
| # include <strings.h>
| #endif
| #ifdef HAVE_INTTYPES_H
| # include <inttypes.h>
| #endif
| #ifdef HAVE_STDINT_H
| # include <stdint.h>
| #endif
| #ifdef HAVE_UNISTD_H
| # include <unistd.h>
| #endif
| int
| main ()
| {
| if (sizeof ((pid_t)))
| 	    return 0;
|   ;
|   return 0;
| }
configure:5622: result: yes
configure:5633: checking for mode_t
configure:5633: gcc -c -O2 -fno-strict-aliasing -Wall -Wshadow -Wwrite-strings -Wstrict-prototypes -D_REENTRANT -I/usr/local/include -I/usr/local/include conftest.c >&5
conftest.c:88:1: warning: function declaration isn't a prototype [-Wstrict-prototypes]
 main ()
 ^
configure:5633: $? = 0
configure:5633: gcc -c -O2 -fno-strict-aliasing -Wall -Wshadow -Wwrite-strings -Wstrict-prototypes -D_REENTRANT -I/usr/local/include -I/usr/local/include conftest.c >&5
conftest.c:88:1: warning: function declaration isn't a prototype [-Wstrict-prototypes]
 main ()
 ^
conftest.c: In function 'main':
conftest.c:90:21: error: expected expression before ')' token
 if (sizeof ((mode_t)))
                     ^
configure:5633: $? = 1
configure: failed program was:
| /* confdefs.h */
| #define PACKAGE_NAME ""
| #define PACKAGE_TARNAME ""
| #define PACKAGE_VERSION ""
| #define PACKAGE_STRING ""
| #define PACKAGE_BUGREPORT ""
| #define PACKAGE_URL ""
| #define VERSION "1.0.7.22"
| #define VERSION_MAJOR 1
| #define VERSION_MINOR 0
| #define VERSION_REVISION 7.22
| #define COPYRIGHT "Copyright (C) 1997-2021 MBSE Development Team, All Rights Reserved"
| #define SHORTRIGHT "Copyright (C) 1997-2021 MBSE DevTm"
| #define STDC_HEADERS 1
| #define HAVE_SYS_TYPES_H 1
| #define HAVE_SYS_STAT_H 1
| #define HAVE_STDLIB_H 1
| #define HAVE_STRING_H 1
| #define HAVE_MEMORY_H 1
| #define HAVE_STRINGS_H 1
| #define HAVE_INTTYPES_H 1
| #define HAVE_STDINT_H 1
| #define HAVE_UNISTD_H 1
| #define SHADOW_PASSWORD 1
| #define HAVE_SYS_TYPES_H 1
| #define HAVE_ZLIB_H 1
| #define HAVE_BZLIB_H 1
| #define HAVE_ICONV_H 1
| #define STDC_HEADERS 1
| #define HAVE_DIRENT_H 1
| #define TIME_WITH_SYS_TIME 1
| #define HAVE_SYS_WAIT_H 1
| #define HAVE_TERMIOS_H 1
| #define HAVE_SYS_TERMIOS_H 1
| #define HAVE_TERMIO_H 1
| #define HAVE_SGTTY_H 1
| #define HAVE_SYS_TIME_H 1
| #define HAVE_SYS_VFS_H 1
| #define HAVE_UNISTD_H 1
| #define HAVE_NETINET_IN_H 1
| #define HAVE_REGEX_H 1
| #define HAVE_SYS_RESOURCE_H 1
| #define HAVE_GSHADOW_H 1
| #define HAVE_SHADOW_H 1
| #define HAVE_CRYPT_H 1
| #define HAVE_LIMITS_H 1
| #define HAVE_UTMP_H 1
| #define HAVE_UTMPX_H 1
| #define HAVE_LASTLOG_H 1
| #define HAVE_RPC_KEY_PROT_H 1
| #define HAVE_STRUCT_TM_TM_ZONE 1
| #define HAVE_TM_ZONE 1
| /* end confdefs.h.  */
| #include <stdio.h>
| #ifdef HAVE_SYS_TYPES_H
| # include <sys/types.h>
| #endif
| #ifdef HAVE_SYS_STAT_H
| # include <sys/stat.h>
| #endif
| #ifdef STDC_HEADERS
| # include <stdlib.h>
| # include <stddef.h>
| #else
| # ifdef HAVE_STDLIB_H
| #  include <stdlib.h>
| # endif
| #endif
| #ifdef HAVE_STRING_H
| # if !defined STDC_HEADERS && defined HAVE_MEMORY_H
| #  include <memory.h>
| # endif
| # include <string.h>
| #endif
| #ifdef HAVE_STRINGS_H
| # include <strings.h>
| #endif
| #ifdef HAVE_INTTYPES_H
| # include <inttypes.h>
| #endif
| #ifdef HAVE_STDINT_H
| # include <stdint.h>
| #endif
| #ifdef HAVE_UNISTD_H
| # include <unistd.h>
| #endif
| int
| main ()
| {
| if (sizeof ((mode_t)))
| 	    return 0;
|   ;
|   return 0;
| }
configure:5633: result: yes
configure:5644: checking for size_t
configure:5644: gcc -c -O2 -fno-strict-aliasing -Wall -Wshadow -Wwrite-strings -Wstrict-prototypes -D_REENTRANT -I/usr/local/include -I/usr/local/include conftest.c >&5
conftest.c:88:1: warning: function declaration isn't a prototype [-Wstrict-prototypes]
 main ()
 ^
configure:5644: $? = 0
configure:5644: gcc -c -O2 -fno-strict-aliasing -Wall -Wshadow -Wwrite-strings -Wstrict-prototypes -D_REENTRANT -I/usr/local/include -I/usr/local/include conftest.c >&5
conftest.c:88:1: warning: function declaration isn't a prototype [-Wstrict-prototypes]
 main ()
 ^
conftest.c: In function 'main':
conftest.c:90:21: error: expected expression before ')' token
 if (sizeof ((size_t)))
                     ^
configure:5644: $? = 1
configure: failed program was:
| /* confdefs.h */
| #define PACKAGE_NAME ""
| #define PACKAGE_TARNAME ""
| #define PACKAGE_VERSION ""
| #define PACKAGE_STRING ""
| #define PACKAGE_BUGREPORT ""
| #define PACKAGE_URL ""
| #define VERSION "1.0.7.22"
| #define VERSION_MAJOR 1
| #define VERSION_MINOR 0
| #define VERSION_REVISION 7.22
| #define COPYRIGHT "Copyright (C) 1997-2021 MBSE Development Team, All Rights Reserved"
| #define SHORTRIGHT "Copyright (C) 1997-2021 MBSE DevTm"
| #define STDC_HEADERS 1
| #define HAVE_SYS_TYPES_H 1
| #define HAVE_SYS_STAT_H 1
| #define HAVE_STDLIB_H 1
| #define HAVE_STRING_H 1
| #define HAVE_MEMORY_H 1
| #define HAVE_STRINGS_H 1
| #define HAVE_INTTYPES_H 1
| #define HAVE_STDINT_H 1
| #define HAVE_UNISTD_H 1
| #define SHADOW_PASSWORD 1
| #define HAVE_SYS_TYPES_H 1
| #define HAVE_ZLIB_H 1
| #define HAVE_BZLIB_H 1
| #define HAVE_ICONV_H 1
| #define STDC_HEADERS 1
| #define HAVE_DIRENT_H 1
| #define TIME_WITH_SYS_TIME 1
| #define HAVE_SYS_WAIT_H 1
| #define HAVE_TERMIOS_H 1
| #define HAVE_SYS_TERMIOS_H 1
| #define HAVE_TERMIO_H 1
| #define HAVE_SGTTY_H 1
| #define HAVE_SYS_TIME_H 1
| #define HAVE_SYS_VFS_H 1
| #define HAVE_UNISTD_H 1
| #define HAVE_NETINET_IN_H 1
| #define HAVE_REGEX_H 1
| #define HAVE_SYS_RESOURCE_H 1
| #define HAVE_GSHADOW_H 1
| #define HAVE_SHADOW_H 1
| #define HAVE_CRYPT_H 1
| #define HAVE_LIMITS_H 1
| #define HAVE_UTMP_H 1
| #define HAVE_UTMPX_H 1
| #define HAVE_LASTLOG_H 1
| #define HAVE_RPC_KEY_PROT_H 1
| #define HAVE_STRUCT_TM_TM_ZONE 1
| #define HAVE_TM_ZONE 1
| /* end confdefs.h.  */
| #include <stdio.h>
| #ifdef HAVE_SYS_TYPES_H
| # include <sys/types.h>
| #endif
| #ifdef HAVE_SYS_STAT_H
| # include <sys/stat.h>
| #endif
| #ifdef STDC_HEADERS
| # include <stdlib.h>
| # include <stddef.h>
| #else
| # ifdef HAVE_STDLIB_H
| #  include <stdlib.h>
| # endif
| #endif
| #ifdef HAVE_STRING_H
| # if !defined STDC_HEADERS && defined HAVE_MEMORY_H
| #  include <memory.h>
| # endif
| # include <string.h>
| #endif
| #ifdef HAVE_STRINGS_H
| # include <strings.h>
| #endif
| #ifdef HAVE_INTTYPES_H
| # include <inttypes.h>
| #endif
| #ifdef HAVE_STDINT_H
| # include <stdint.h>
| #endif
| #ifdef HAVE_UNISTD_H
| # include <unistd.h>
| #endif
| int
| main ()
| {
| if (sizeof ((size_t)))
| 	    return 0;
|   ;
|   return 0;
| }
configure:5644: result: yes
configure:5655: checking for ssize_t
configure:5655: gcc -c -O2 -fno-strict-aliasing -Wall -Wshadow -Wwrite-strings -Wstrict-prototypes -D_REENTRANT -I/usr/local/include -I/usr/local/include conftest.c >&5
conftest.c:88:1: warning: function declaration isn't a prototype [-Wstrict-prototypes]
 main ()
 ^
configure:5655: $? = 0
configure:5655: gcc -c -O2 -fno-strict-aliasing -Wall -Wshadow -Wwrite-strings -Wstrict-prototypes -D_REENTRANT -I/usr/local/include -I/usr/local/include conftest.c >&5
conftest.c:88:1: warning: function declaration isn't a prototype [-Wstrict-prototypes]
 main ()
 ^
conftest.c: In function 'main':
conftest.c:90:22: error: expected expression before ')' token
 if (sizeof ((ssize_t)))
                      ^
configure:5655: $? = 1
configure: failed program was:
| /* confdefs.h */
| #define PACKAGE_NAME ""
| #define PACKAGE_TARNAME ""
| #define PACKAGE_VERSION ""
| #define PACKAGE_STRING ""
| #define PACKAGE_BUGREPORT ""
| #define PACKAGE_URL ""
| #define VERSION "1.0.7.22"
| #define VERSION_MAJOR 1
| #define VERSION_MINOR 0
| #define VERSION_REVISION 7.22
| #define COPYRIGHT "Copyright (C) 1997-2021 MBSE Development Team, All Rights Reserved"
| #define SHORTRIGHT "Copyright (C) 1997-2021 MBSE DevTm"
| #define STDC_HEADERS 1
| #define HAVE_SYS_TYPES_H 1
| #define HAVE_SYS_STAT_H 1
| #define HAVE_STDLIB_H 1
| #define HAVE_STRING_H 1
| #define HAVE_MEMORY_H 1
| #define HAVE_STRINGS_H 1
| #define HAVE_INTTYPES_H 1
| #define HAVE_STDINT_H 1
| #define HAVE_UNISTD_H 1
| #define SHADOW_PASSWORD 1
| #define HAVE_SYS_TYPES_H 1
| #define HAVE_ZLIB_H 1
| #define HAVE_BZLIB_H 1
| #define HAVE_ICONV_H 1
| #define STDC_HEADERS 1
| #define HAVE_DIRENT_H 1
| #define TIME_WITH_SYS_TIME 1
| #define HAVE_SYS_WAIT_H 1
| #define HAVE_TERMIOS_H 1
| #define HAVE_SYS_TERMIOS_H 1
| #define HAVE_TERMIO_H 1
| #define HAVE_SGTTY_H 1
| #define HAVE_SYS_TIME_H 1
| #define HAVE_SYS_VFS_H 1
| #define HAVE_UNISTD_H 1
| #define HAVE_NETINET_IN_H 1
| #define HAVE_REGEX_H 1
| #define HAVE_SYS_RESOURCE_H 1
| #define HAVE_GSHADOW_H 1
| #define HAVE_SHADOW_H 1
| #define HAVE_CRYPT_H 1
| #define HAVE_LIMITS_H 1
| #define HAVE_UTMP_H 1
| #define HAVE_UTMPX_H 1
| #define HAVE_LASTLOG_H 1
| #define HAVE_RPC_KEY_PROT_H 1
| #define HAVE_STRUCT_TM_TM_ZONE 1
| #define HAVE_TM_ZONE 1
| /* end confdefs.h.  */
| #include <stdio.h>
| #ifdef HAVE_SYS_TYPES_H
| # include <sys/types.h>
| #endif
| #ifdef HAVE_SYS_STAT_H
| # include <sys/stat.h>
| #endif
| #ifdef STDC_HEADERS
| # include <stdlib.h>
| # include <stddef.h>
| #else
| # ifdef HAVE_STDLIB_H
| #  include <stdlib.h>
| # endif
| #endif
| #ifdef HAVE_STRING_H
| # if !defined STDC_HEADERS && defined HAVE_MEMORY_H
| #  include <memory.h>
| # endif
| # include <string.h>
| #endif
| #ifdef HAVE_STRINGS_H
| # include <strings.h>
| #endif
| #ifdef HAVE_INTTYPES_H
| # include <inttypes.h>
| #endif
| #ifdef HAVE_STDINT_H
| # include <stdint.h>
| #endif
| #ifdef HAVE_UNISTD_H
| # include <unistd.h>
| #endif
| int
| main ()
| {
| if (sizeof ((ssize_t)))
| 	    return 0;
|   ;
|   return 0;
| }
configure:5655: result: yes
configure:5666: checking for struct stat.st_blksize
configure:5666: gcc -c -O2 -fno-strict-aliasing -Wall -Wshadow -Wwrite-strings -Wstrict-prototypes -D_REENTRANT -I/usr/local/include -I/usr/local/include conftest.c >&5
conftest.c:88:1: warning: function declaration isn't a prototype [-Wstrict-prototypes]
 main ()
 ^
configure:5666: $? = 0
configure:5666: result: yes
configure:5679: checking whether stat file-mode macros are broken
configure:5706: gcc -c -O2 -fno-strict-aliasing -Wall -Wshadow -Wwrite-strings -Wstrict-prototypes -D_REENTRANT -I/usr/local/include -I/usr/local/include conftest.c >&5
configure:5706: $? = 0
configure:5713: result: no
configure:5721: checking whether struct tm is in sys/time.h or time.h
configure:5748: result: time.h
configure:5763: checking for c64i
configure:5763: gcc -o conftest -O2 -fno-strict-aliasing -Wall -Wshadow -Wwrite-strings -Wstrict-prototypes -D_REENTRANT -I/usr/local/include -I/usr/local/include -L/usr/local/lib conftest.c  -lcrypt -lutil -lz -lbz2 >&5
conftest.c:79:1: warning: function declaration isn't a prototype [-Wstrict-prototypes]
 char c64i ();
 ^
conftest.c:88:1: warning: function declaration isn't a prototype [-Wstrict-prototypes]
 main ()
 ^
/tmp/ccJFCJSx.o: In function `main':
conftest.c:(.text.startup+0x7): undefined reference to `c64i'
collect2: error: ld returned 1 exit status
configure:5763: $? = 1
configure: failed program was:
| /* confdefs.h */
| #define PACKAGE_NAME ""
| #define PACKAGE_TARNAME ""
| #define PACKAGE_VERSION ""
| #define PACKAGE_STRING ""
| #define PACKAGE_BUGREPORT ""
| #define PACKAGE_URL ""
| #define VERSION "1.0.7.22"
| #define VERSION_MAJOR 1
| #define VERSION_MINOR 0
| #define VERSION_REVISION 7.22
| #define COPYRIGHT "Copyright (C) 1997-2021 MBSE Development Team, All Rights Reserved"
| #define SHORTRIGHT "Copyright (C) 1997-2021 MBSE DevTm"
| #define STDC_HEADERS 1
| #define HAVE_SYS_TYPES_H 1
| #define HAVE_SYS_STAT_H 1
| #define HAVE_STDLIB_H 1
| #define HAVE_STRING_H 1
| #define HAVE_MEMORY_H 1
| #define HAVE_STRINGS_H 1
| #define HAVE_INTTYPES_H 1
| #define HAVE_STDINT_H 1
| #define HAVE_UNISTD_H 1
| #define SHADOW_PASSWORD 1
| #define HAVE_SYS_TYPES_H 1
| #define HAVE_ZLIB_H 1
| #define HAVE_BZLIB_H 1
| #define HAVE_ICONV_H 1
| #define STDC_HEADERS 1
| #define HAVE_DIRENT_H 1
| #define TIME_WITH_SYS_TIME 1
| #define HAVE_SYS_WAIT_H 1
| #define HAVE_TERMIOS_H 1
| #define HAVE_SYS_TERMIOS_H 1
| #define HAVE_TERMIO_H 1
| #define HAVE_SGTTY_H 1
| #define HAVE_SYS_TIME_H 1
| #define HAVE_SYS_VFS_H 1
| #define HAVE_UNISTD_H 1
| #define HAVE_NETINET_IN_H 1
| #define HAVE_REGEX_H 1
| #define HAVE_SYS_RESOURCE_H 1
| #define HAVE_GSHADOW_H 1
| #define HAVE_SHADOW_H 1
| #define HAVE_CRYPT_H 1
| #define HAVE_LIMITS_H 1
| #define HAVE_UTMP_H 1
| #define HAVE_UTMPX_H 1
| #define HAVE_LASTLOG_H 1
| #define HAVE_RPC_KEY_PROT_H 1
| #define HAVE_STRUCT_TM_TM_ZONE 1
| #define HAVE_TM_ZONE 1
| #define HAVE_STRUCT_STAT_ST_BLKSIZE 1
| #define HAVE_ST_BLKSIZE 1
| /* end confdefs.h.  */
| /* Define c64i to an innocuous variant, in case <limits.h> declares c64i.
|    For example, HP-UX 11i <limits.h> declares gettimeofday.  */
| #define c64i innocuous_c64i
| 
| /* System header to define __stub macros and hopefully few prototypes,
|     which can conflict with char c64i (); below.
|     Prefer <limits.h> to <assert.h> if __STDC__ is defined, since
|     <limits.h> exists even on freestanding compilers.  */
| 
| #ifdef __STDC__
| # include <limits.h>
| #else
| # include <assert.h>
| #endif
| 
| #undef c64i
| 
| /* Override any GCC internal prototype to avoid an error.
|    Use char because int might match the return type of a GCC
|    builtin and then its argument prototype would still apply.  */
| #ifdef __cplusplus
| extern "C"
| #endif
| char c64i ();
| /* The GNU C library defines this for functions which it implements
|     to always fail with ENOSYS.  Some functions are actually named
|     something starting with __ and the normal name is an alias.  */
| #if defined __stub_c64i || defined __stub___c64i
| choke me
| #endif
| 
| int
| main ()
| {
| return c64i ();
|   ;
|   return 0;
| }
configure:5763: result: no
configure:5763: checking for a64l
configure:5763: gcc -o conftest -O2 -fno-strict-aliasing -Wall -Wshadow -Wwrite-strings -Wstrict-prototypes -D_REENTRANT -I/usr/local/include -I/usr/local/include -L/usr/local/lib conftest.c  -lcrypt -lutil -lz -lbz2 >&5
conftest.c:79:1: warning: function declaration isn't a prototype [-Wstrict-prototypes]
 char a64l ();
 ^
conftest.c:88:1: warning: function declaration isn't a prototype [-Wstrict-prototypes]
 main ()
 ^
configure:5763: $? = 0
configure:5763: result: yes
configure:5763: checking for fchmod
configure:5763: gcc -o conftest -O2 -fno-strict-aliasing -Wall -Wshadow -Wwrite-strings -Wstrict-prototypes -D_REENTRANT -I/usr/local/include -I/usr/local/include -L/usr/local/lib conftest.c  -lcrypt -lutil -lz -lbz2 >&5
conftest.c:80:1: warning: function declaration isn't a prototype [-Wstrict-prototypes]
 char fchmod ();
 ^
conftest.c:89:1: warning: function declaration isn't a prototype [-Wstrict-prototypes]
 main ()
 ^
configure:5763: $? = 0
configure:5763: result: yes
configure:5763: checking for fchown
configure:5763: gcc -o conftest -O2 -fno-strict-aliasing -Wall -Wshadow -Wwrite-strings -Wstrict-prototypes -D_REENTRANT -I/usr/local/include -I/usr/local/include -L/usr/local/lib conftest.c  -lcrypt -lutil -lz -lbz2 >&5
conftest.c:81:1: warning: function declaration isn't a prototype [-Wstrict-prototypes]
 char fchown ();
 ^
conftest.c:90:1: warning: function declaration isn't a prototype [-Wstrict-prototypes]
 main ()
 ^
configure:5763: $? = 0
configure:5763: result: yes
configure:5763: checking for fdatasync
configure:5763: gcc -o conftest -O2 -fno-strict-aliasing -Wall -Wshadow -Wwrite-strings -Wstrict-prototypes -D_REENTRANT -I/usr/local/include -I/usr/local/include -L/usr/local/lib conftest.c  -lcrypt -lutil -lz -lbz2 >&5
conftest.c:82:1: warning: function declaration isn't a prototype [-Wstrict-prototypes]
 char fdatasync ();
 ^
conftest.c:91:1: warning: function declaration isn't a prototype [-Wstrict-prototypes]
 main ()
 ^
configure:5763: $? = 0
configure:5763: result: yes
configure:5763: checking for fsync
configure:5763: gcc -o conftest -O2 -fno-strict-aliasing -Wall -Wshadow -Wwrite-strings -Wstrict-prototypes -D_REENTRANT -I/usr/local/include -I/usr/local/include -L/usr/local/lib conftest.c  -lcrypt -lutil -lz -lbz2 >&5
conftest.c:83:1: warning: function declaration isn't a prototype [-Wstrict-prototypes]
 char fsync ();
 ^
conftest.c:92:1: warning: function declaration isn't a prototype [-Wstrict-prototypes]
 main ()
 ^
configure:5763: $? = 0
configure:5763: result: yes
configure:5763: checking for lckpwdf
configure:5763: gcc -o conftest -O2 -fno-strict-aliasing -Wall -Wshadow -Wwrite-strings -Wstrict-prototypes -D_REENTRANT -I/usr/local/include -I/usr/local/include -L/usr/local/lib conftest.c  -lcrypt -lutil -lz -lbz2 >&5
conftest.c:84:1: warning: function declaration isn't a prototype [-Wstrict-prototypes]
 char lckpwdf ();
 ^
conftest.c:93:1: warning: function declaration isn't a prototype [-Wstrict-prototypes]
 main ()
 ^
configure:5763: $? = 0
configure:5763: result: yes
configure:5763: checking for strcasestr
configure:5763: gcc -o conftest -O2 -fno-strict-aliasing -Wall -Wshadow -Wwrite-strings -Wstrict-prototypes -D_REENTRANT -I/usr/local/include -I/usr/local/include -L/usr/local/lib conftest.c  -lcrypt -lutil -lz -lbz2 >&5
conftest.c:85:1: warning: function declaration isn't a prototype [-Wstrict-prototypes]
 char strcasestr ();
 ^
conftest.c:94:1: warning: function declaration isn't a prototype [-Wstrict-prototypes]
 main ()
 ^
configure:5763: $? = 0
configure:5763: result: yes
configure:5763: checking for putpwent
configure:5763: gcc -o conftest -O2 -fno-strict-aliasing -Wall -Wshadow -Wwrite-strings -Wstrict-prototypes -D_REENTRANT -I/usr/local/include -I/usr/local/include -L/usr/local/lib conftest.c  -lcrypt -lutil -lz -lbz2 >&5
conftest.c:86:1: warning: function declaration isn't a prototype [-Wstrict-prototypes]
 char putpwent ();
 ^
conftest.c:95:1: warning: function declaration isn't a prototype [-Wstrict-prototypes]
 main ()
 ^
configure:5763: $? = 0
configure:5763: result: yes
configure:5773: checking whether gcc needs -traditional
configure:5807: result: no
configure:5814: checking for working memcmp
configure:5857: gcc -o conftest -O2 -fno-strict-aliasing -Wall -Wshadow -Wwrite-strings -Wstrict-prototypes -D_REENTRANT -I/usr/local/include -I/usr/local/include -L/usr/local/lib conftest.c  -lcrypt -lutil -lz -lbz2 >&5
conftest.c:98:1: warning: function declaration isn't a prototype [-Wstrict-prototypes]
 main ()
 ^
configure:5857: $? = 0
configure:5857: ./conftest
configure:5857: $? = 0
configure:5867: result: yes
configure:5876: checking return type of signal handlers
configure:5894: gcc -c -O2 -fno-strict-aliasing -Wall -Wshadow -Wwrite-strings -Wstrict-prototypes -D_REENTRANT -I/usr/local/include -I/usr/local/include conftest.c >&5
conftest.c:68:1: warning: function declaration isn't a prototype [-Wstrict-prototypes]
 main ()
 ^
conftest.c: In function 'main':
conftest.c:70:9: error: void value not ignored as it ought to be
 return *(signal (0, 0)) (0) == 1;
         ^
configure:5894: $? = 1
configure: failed program was:
| /* confdefs.h */
| #define PACKAGE_NAME ""
| #define PACKAGE_TARNAME ""
| #define PACKAGE_VERSION ""
| #define PACKAGE_STRING ""
| #define PACKAGE_BUGREPORT ""
| #define PACKAGE_URL ""
| #define VERSION "1.0.7.22"
| #define VERSION_MAJOR 1
| #define VERSION_MINOR 0
| #define VERSION_REVISION 7.22
| #define COPYRIGHT "Copyright (C) 1997-2021 MBSE Development Team, All Rights Reserved"
| #define SHORTRIGHT "Copyright (C) 1997-2021 MBSE DevTm"
| #define STDC_HEADERS 1
| #define HAVE_SYS_TYPES_H 1
| #define HAVE_SYS_STAT_H 1
| #define HAVE_STDLIB_H 1
| #define HAVE_STRING_H 1
| #define HAVE_MEMORY_H 1
| #define HAVE_STRINGS_H 1
| #define HAVE_INTTYPES_H 1
| #define HAVE_STDINT_H 1
| #define HAVE_UNISTD_H 1
| #define SHADOW_PASSWORD 1
| #define HAVE_SYS_TYPES_H 1
| #define HAVE_ZLIB_H 1
| #define HAVE_BZLIB_H 1
| #define HAVE_ICONV_H 1
| #define STDC_HEADERS 1
| #define HAVE_DIRENT_H 1
| #define TIME_WITH_SYS_TIME 1
| #define HAVE_SYS_WAIT_H 1
| #define HAVE_TERMIOS_H 1
| #define HAVE_SYS_TERMIOS_H 1
| #define HAVE_TERMIO_H 1
| #define HAVE_SGTTY_H 1
| #define HAVE_SYS_TIME_H 1
| #define HAVE_SYS_VFS_H 1
| #define HAVE_UNISTD_H 1
| #define HAVE_NETINET_IN_H 1
| #define HAVE_REGEX_H 1
| #define HAVE_SYS_RESOURCE_H 1
| #define HAVE_GSHADOW_H 1
| #define HAVE_SHADOW_H 1
| #define HAVE_CRYPT_H 1
| #define HAVE_LIMITS_H 1
| #define HAVE_UTMP_H 1
| #define HAVE_UTMPX_H 1
| #define HAVE_LASTLOG_H 1
| #define HAVE_RPC_KEY_PROT_H 1
| #define HAVE_STRUCT_TM_TM_ZONE 1
| #define HAVE_TM_ZONE 1
| #define HAVE_STRUCT_STAT_ST_BLKSIZE 1
| #define HAVE_ST_BLKSIZE 1
| #define HAVE_A64L 1
| #define HAVE_FCHMOD 1
| #define HAVE_FCHOWN 1
| #define HAVE_FDATASYNC 1
| #define HAVE_FSYNC 1
| #define HAVE_LCKPWDF 1
| #define HAVE_STRCASESTR 1
| #define HAVE_PUTPWENT 1
| /* end confdefs.h.  */
| #include <sys/types.h>
| #include <signal.h>
| 
| int
| main ()
| {
| return *(signal (0, 0)) (0) == 1;
|   ;
|   return 0;
| }
configure:5901: result: void
configure:5915: checking for utime.h
configure:5915: gcc -c -O2 -fno-strict-aliasing -Wall -Wshadow -Wwrite-strings -Wstrict-prototypes -D_REENTRANT -I/usr/local/include -I/usr/local/include conftest.c >&5
configure:5915: $? = 0
configure:5915: result: yes
configure:5929: checking whether utime accepts a null argument
configure:5958: gcc -o conftest -O2 -fno-strict-aliasing -Wall -Wshadow -Wwrite-strings -Wstrict-prototypes -D_REENTRANT -I/usr/local/include -I/usr/local/include -L/usr/local/lib conftest.c  -lcrypt -lutil -lz -lbz2 >&5
conftest.c:103:1: warning: function declaration isn't a prototype [-Wstrict-prototypes]
 main ()
 ^
configure:5958: $? = 0
configure:5958: ./conftest
configure:5958: $? = 0
configure:5968: result: yes
configure:5981: checking for gettimeofday
configure:5981: gcc -o conftest -O2 -fno-strict-aliasing -Wall -Wshadow -Wwrite-strings -Wstrict-prototypes -D_REENTRANT -I/usr/local/include -I/usr/local/include -L/usr/local/lib conftest.c  -lcrypt -lutil -lz -lbz2 >&5
conftest.c:90:1: warning: function declaration isn't a prototype [-Wstrict-prototypes]
 char gettimeofday ();
 ^
conftest.c:99:1: warning: function declaration isn't a prototype [-Wstrict-prototypes]
 main ()
 ^
configure:5981: $? = 0
configure:5981: result: yes
configure:5981: checking for re_comp
configure:5981: gcc -o conftest -O2 -fno-strict-aliasing -Wall -Wshadow -Wwrite-strings -Wstrict-prototypes -D_REENTRANT -I/usr/local/include -I/usr/local/include -L/usr/local/lib conftest.c  -lcrypt -lutil -lz -lbz2 >&5
conftest.c:91:1: warning: function declaration isn't a prototype [-Wstrict-prototypes]
 char re_comp ();
 ^
conftest.c:100:1: warning: function declaration isn't a prototype [-Wstrict-prototypes]
 main ()
 ^
configure:5981: $? = 0
configure:5981: result: yes
configure:5981: checking for select
configure:5981: gcc -o conftest -O2 -fno-strict-aliasing -Wall -Wshadow -Wwrite-strings -Wstrict-prototypes -D_REENTRANT -I/usr/local/include -I/usr/local/include -L/usr/local/lib conftest.c  -lcrypt -lutil -lz -lbz2 >&5
conftest.c:92:1: warning: function declaration isn't a prototype [-Wstrict-prototypes]
 char select ();
 ^
conftest.c:101:1: warning: function declaration isn't a prototype [-Wstrict-prototypes]
 main ()
 ^
configure:5981: $? = 0
configure:5981: result: yes
configure:5981: checking for statfs
configure:5981: gcc -o conftest -O2 -fno-strict-aliasing -Wall -Wshadow -Wwrite-strings -Wstrict-prototypes -D_REENTRANT -I/usr/local/include -I/usr/local/include -L/usr/local/lib conftest.c  -lcrypt -lutil -lz -lbz2 >&5
conftest.c:93:1: warning: function declaration isn't a prototype [-Wstrict-prototypes]
 char statfs ();
 ^
conftest.c:102:1: warning: function declaration isn't a prototype [-Wstrict-prototypes]
 main ()
 ^
configure:5981: $? = 0
configure:5981: result: yes
configure:5981: checking for statvfs
configure:5981: gcc -o conftest -O2 -fno-strict-aliasing -Wall -Wshadow -Wwrite-strings -Wstrict-prototypes -D_REENTRANT -I/usr/local/include -I/usr/local/include -L/usr/local/lib conftest.c  -lcrypt -lutil -lz -lbz2 >&5
conftest.c:94:1: warning: function declaration isn't a prototype [-Wstrict-prototypes]
 char statvfs ();
 ^
conftest.c:103:1: warning: function declaration isn't a prototype [-Wstrict-prototypes]
 main ()
 ^
configure:5981: $? = 0
configure:5981: result: yes
configure:5993: checking for getspnam
configure:5993: gcc -o conftest -O2 -fno-strict-aliasing -Wall -Wshadow -Wwrite-strings -Wstrict-prototypes -D_REENTRANT -I/usr/local/include -I/usr/local/include -L/usr/local/lib conftest.c  -lcrypt -lutil -lz -lbz2 >&5
conftest.c:95:1: warning: function declaration isn't a prototype [-Wstrict-prototypes]
 char getspnam ();
 ^
conftest.c:104:1: warning: function declaration isn't a prototype [-Wstrict-prototypes]
 main ()
 ^
configure:5993: $? = 0
configure:5993: result: yes
configure:5993: checking for initgroups
configure:5993: gcc -o conftest -O2 -fno-strict-aliasing -Wall -Wshadow -Wwrite-strings -Wstrict-prototypes -D_REENTRANT -I/usr/local/include -I/usr/local/include -L/usr/local/lib conftest.c  -lcrypt -lutil -lz -lbz2 >&5
conftest.c:96:1: warning: function declaration isn't a prototype [-Wstrict-prototypes]
 char initgroups ();
 ^
conftest.c:105:1: warning: function declaration isn't a prototype [-Wstrict-prototypes]
 main ()
 ^
configure:5993: $? = 0
configure:5993: result: yes
configure:5993: checking for updwtmp
configure:5993: gcc -o conftest -O2 -fno-strict-aliasing -Wall -Wshadow -Wwrite-strings -Wstrict-prototypes -D_REENTRANT -I/usr/local/include -I/usr/local/include -L/usr/local/lib conftest.c  -lcrypt -lutil -lz -lbz2 >&5
conftest.c:97:1: warning: function declaration isn't a prototype [-Wstrict-prototypes]
 char updwtmp ();
 ^
conftest.c:106:1: warning: function declaration isn't a prototype [-Wstrict-prototypes]
 main ()
 ^
configure:5993: $? = 0
configure:5993: result: yes
configure:5993: checking for updwtmpx
configure:5993: gcc -o conftest -O2 -fno-strict-aliasing -Wall -Wshadow -Wwrite-strings -Wstrict-prototypes -D_REENTRANT -I/usr/local/include -I/usr/local/include -L/usr/local/lib conftest.c  -lcrypt -lutil -lz -lbz2 >&5
conftest.c:98:1: warning: function declaration isn't a prototype [-Wstrict-prototypes]
 char updwtmpx ();
 ^
conftest.c:107:1: warning: function declaration isn't a prototype [-Wstrict-prototypes]
 main ()
 ^
configure:5993: $? = 0
configure:5993: result: yes
configure:6008: checking for compress
configure:6026: found /usr/bin/compress
configure:6039: result: /usr/bin/compress
configure:6049: checking for gzip
configure:6067: found /usr/bin/gzip
configure:6080: result: /usr/bin/gzip
configure:6090: checking for arc
configure:6108: found /usr/bin/arc
configure:6120: result: /usr/bin/arc
configure:6130: checking for nomarch
configure:6163: result: no
configure:6170: checking for arj
configure:6188: found /usr/bin/arj
configure:6200: result: /usr/bin/arj
configure:6210: checking for unarj
configure:6228: found /usr/bin/unarj
configure:6240: result: /usr/bin/unarj
configure:6250: checking for lha
configure:6268: found /usr/bin/lha
configure:6280: result: /usr/bin/lha
configure:6290: checking for rar
configure:6308: found /usr/bin/rar
configure:6320: result: /usr/bin/rar
configure:6330: checking for unrar
configure:6363: result: no
configure:6370: checking for tar
configure:6388: found /usr/bin/tar
configure:6400: result: /usr/bin/tar
configure:6410: checking for zip
configure:6428: found /usr/bin/zip
configure:6440: result: /usr/bin/zip
configure:6450: checking for unzip
configure:6468: found /usr/bin/unzip
configure:6480: result: /usr/bin/unzip
configure:6490: checking for zoo
configure:6508: found /usr/bin/zoo
configure:6520: result: /usr/bin/zoo
configure:6530: checking for ha
configure:6563: result: no
configure:6570: checking for antivir
configure:6603: result: no
configure:6610: checking for fpscan
configure:6643: result: no
configure:6650: checking for uvscan
configure:6683: result: no
configure:6690: checking for clamscan
configure:6723: result: no
configure:6730: checking for rb
configure:6763: result: no
configure:6770: checking for lrb
configure:6803: result: no
configure:6810: checking for sb
configure:6843: result: no
configure:6850: checking for lsb
configure:6883: result: no
configure:6890: checking for rz
configure:6923: result: no
configure:6930: checking for lrz
configure:6963: result: no
configure:6970: checking for sz
configure:7003: result: no
configure:7010: checking for lsz
configure:7043: result: no
configure:7050: checking for golded
configure:7083: result: no
configure:7090: checking for gedlnx
configure:7123: result: no
configure:7130: checking for goldnode
configure:7163: result: no
configure:7170: checking for gnlnx
configure:7203: result: no
configure:7210: checking for convert
configure:7228: found /usr/bin/convert
configure:7240: result: /usr/bin/convert
configure:7254: checking for GeoIP_new in -lGeoIP
configure:7279: gcc -o conftest -O2 -fno-strict-aliasing -Wall -Wshadow -Wwrite-strings -Wstrict-prototypes -D_REENTRANT -I/usr/local/include -I/usr/local/include -L/usr/local/lib conftest.c -lGeoIP   -lcrypt -lutil -lz -lbz2 >&5
conftest.c:83:1: warning: function declaration isn't a prototype [-Wstrict-prototypes]
 char GeoIP_new ();
 ^
conftest.c:85:1: warning: function declaration isn't a prototype [-Wstrict-prototypes]
 main ()
 ^
configure:7279: $? = 0
configure:7288: result: yes
configure:7301: checking GeoIP.h usability
configure:7301: gcc -c -O2 -fno-strict-aliasing -Wall -Wshadow -Wwrite-strings -Wstrict-prototypes -D_REENTRANT -I/usr/local/include -I/usr/local/include conftest.c >&5
configure:7301: $? = 0
configure:7301: result: yes
configure:7301: checking GeoIP.h presence
configure:7301: gcc -E -I/usr/local/include conftest.c
configure:7301: $? = 0
configure:7301: result: yes
configure:7301: checking for GeoIP.h
configure:7301: result: yes
configure:7301: checking GeoIPCity.h usability
configure:7301: gcc -c -O2 -fno-strict-aliasing -Wall -Wshadow -Wwrite-strings -Wstrict-prototypes -D_REENTRANT -I/usr/local/include -I/usr/local/include conftest.c >&5
configure:7301: $? = 0
configure:7301: result: yes
configure:7301: checking GeoIPCity.h presence
configure:7301: gcc -E -I/usr/local/include conftest.c
configure:7301: $? = 0
configure:7301: result: yes
configure:7301: checking for GeoIPCity.h
configure:7301: result: yes
configure:7341: checking location of joe editor
configure:7349: result: /usr/bin
configure:7354: checking location of joe rc files
configure:7362: result: /etc/joe
configure:7368: checking location of utmp
configure:7379: result: /var/run
configure:7385: checking location of lastlog/wtmp
configure:7397: result: /var/log
configure:7403: checking location of vpopmail
configure:7407: result: not found
configure:7538: creating ./config.status

## ---------------------- ##
## Running config.status. ##
## ---------------------- ##

This file was extended by config.status, which was
generated by GNU Autoconf 2.69.  Invocation command line was

  CONFIG_FILES    = 
  CONFIG_HEADERS  = 
  CONFIG_LINKS    = 
  CONFIG_COMMANDS = 
  $ ./config.status 

on proliant

config.status:924: creating Makefile.global
config.status:924: creating paths.h
config.status:924: creating unix/login.defs
config.status:924: creating INSTALL
config.status:924: creating FILE_ID.DIZ
config.status:924: creating script/editor
config.status:924: creating html/index.html
config.status:924: creating html/basic.html
config.status:924: creating html/upgrade.html
config.status:924: creating config.h
config.status:1094: config.h is unchanged
config.status:1108: executing default-1 commands
configure:8737: result:
-=-=-=-=-=-=-=-=-=-= Configuration Complete =-=-=-=-=-=-=-=-=-=-

  Configuration summary :

    Version : ..................... 1.0.7.22
    Hydra/Binkp zlib compression :  Yes
    Binkp bzlib compression : ..... Yes
    Full newsgate : ............... No
    GeoIP support : ............... Yes
    Delete key : .................. default


configure:8764: result:
  Installation directories :

    Main directory    : ........... /opt/mbse
    Owner and group   : ........... mbse.bbs

  Now type 'make' and as root 'make install'


## ---------------- ##
## Cache variables. ##
## ---------------- ##

ac_cv_c_bigendian=no
ac_cv_c_compiler_gnu=yes
ac_cv_c_const=yes
ac_cv_env_CC_set=
ac_cv_env_CC_value=
ac_cv_env_CFLAGS_set=
ac_cv_env_CFLAGS_value=
ac_cv_env_CPPFLAGS_set=
ac_cv_env_CPPFLAGS_value=
ac_cv_env_CPP_set=
ac_cv_env_CPP_value=
ac_cv_env_LDFLAGS_set=
ac_cv_env_LDFLAGS_value=
ac_cv_env_LIBS_set=
ac_cv_env_LIBS_value=
ac_cv_env_build_alias_set=
ac_cv_env_build_alias_value=
ac_cv_env_host_alias_set=
ac_cv_env_host_alias_value=
ac_cv_env_target_alias_set=
ac_cv_env_target_alias_value=
ac_cv_func_a64l=yes
ac_cv_func_c64i=no
ac_cv_func_fchmod=yes
ac_cv_func_fchown=yes
ac_cv_func_fdatasync=yes
ac_cv_func_fsync=yes
ac_cv_func_getspnam=yes
ac_cv_func_gettimeofday=yes
ac_cv_func_iconv_open=yes
ac_cv_func_initgroups=yes
ac_cv_func_lckpwdf=yes
ac_cv_func_memcmp_working=yes
ac_cv_func_putpwent=yes
ac_cv_func_re_comp=yes
ac_cv_func_select=yes
ac_cv_func_statfs=yes
ac_cv_func_statvfs=yes
ac_cv_func_strcasestr=yes
ac_cv_func_updwtmp=yes
ac_cv_func_updwtmpx=yes
ac_cv_func_utime_null=yes
ac_cv_header_GeoIPCity_h=yes
ac_cv_header_GeoIP_h=yes
ac_cv_header_bzlib_h=yes
ac_cv_header_crypt_h=yes
ac_cv_header_dirent_dirent_h=yes
ac_cv_header_gshadow_h=yes
ac_cv_header_iconv_h=yes
ac_cv_header_inttypes_h=yes
ac_cv_header_lastlog_h=yes
ac_cv_header_libutil_h=no
ac_cv_header_limits_h=yes
ac_cv_header_memory_h=yes
ac_cv_header_netinet_in_h=yes
ac_cv_header_regex_h=yes
ac_cv_header_rpc_key_prot_h=yes
ac_cv_header_sgtty_h=yes
ac_cv_header_shadow_h=yes
ac_cv_header_stat_broken=no
ac_cv_header_stdc=yes
ac_cv_header_stdint_h=yes
ac_cv_header_stdlib_h=yes
ac_cv_header_string_h=yes
ac_cv_header_strings_h=yes
ac_cv_header_sys_resource_h=yes
ac_cv_header_sys_stat_h=yes
ac_cv_header_sys_termio_h=no
ac_cv_header_sys_termios_h=yes
ac_cv_header_sys_time_h=yes
ac_cv_header_sys_types_h=yes
ac_cv_header_sys_vfs_h=yes
ac_cv_header_sys_wait_h=yes
ac_cv_header_termio_h=yes
ac_cv_header_termios_h=yes
ac_cv_header_time=yes
ac_cv_header_unistd_h=yes
ac_cv_header_usersec_h=no
ac_cv_header_util_h=no
ac_cv_header_utime_h=yes
ac_cv_header_utmp_h=yes
ac_cv_header_utmpx_h=yes
ac_cv_header_zlib_h=yes
ac_cv_lib_GeoIP_GeoIP_new=yes
ac_cv_lib_bz2_BZ2_bzCompressInit=yes
ac_cv_lib_c_setspent=yes
ac_cv_lib_compat_re_comp=no
ac_cv_lib_crypt_crypt=yes
ac_cv_lib_shadow_fgetspent=no
ac_cv_lib_shadow_getspnam=no
ac_cv_lib_shadow_setspent=no
ac_cv_lib_util_login=yes
ac_cv_lib_z_compress2=yes
ac_cv_member_struct_stat_st_blksize=yes
ac_cv_member_struct_tm_tm_zone=yes
ac_cv_objext=o
ac_cv_path_ARC=/usr/bin/arc
ac_cv_path_ARJ=/usr/bin/arj
ac_cv_path_CHOWN=/bin/chown
ac_cv_path_COMPRESS=/usr/bin/compress
ac_cv_path_CONVERT=/usr/bin/convert
ac_cv_path_EGREP='/usr/bin/grep -E'
ac_cv_path_GREP=/usr/bin/grep
ac_cv_path_GZIP=/usr/bin/gzip
ac_cv_path_LHA=/usr/bin/lha
ac_cv_path_RAR=/usr/bin/rar
ac_cv_path_TAR=/usr/bin/tar
ac_cv_path_UNARJ=/usr/bin/unarj
ac_cv_path_UNZIP=/usr/bin/unzip
ac_cv_path_ZIP=/usr/bin/zip
ac_cv_path_ZOO=/usr/bin/zoo
ac_cv_prog_AWK=gawk
ac_cv_prog_CPP='gcc -E'
ac_cv_prog_INSTALL=ginstall
ac_cv_prog_MAKE=gmake
ac_cv_prog_TAR=tar
ac_cv_prog_ZIP=zip
ac_cv_prog_ac_ct_CC=gcc
ac_cv_prog_ac_ct_RANLIB=ranlib
ac_cv_prog_cc_c89=
ac_cv_prog_cc_g=yes
ac_cv_prog_gcc_traditional=no
ac_cv_prog_make_gmake_set=yes
ac_cv_search_opendir='none required'
ac_cv_struct_passwd_pw_age=no
ac_cv_struct_passwd_pw_comment=no
ac_cv_struct_tm=time.h
ac_cv_type_mode_t=yes
ac_cv_type_off_t=yes
ac_cv_type_pid_t=yes
ac_cv_type_signal=void
ac_cv_type_size_t=yes
ac_cv_type_ssize_t=yes
ac_cv_type_uid_t=yes

## ----------------- ##
## Output variables. ##
## ----------------- ##

ANTIVIR=''
ARC='/usr/bin/arc'
ARJ='/usr/bin/arj'
AWK='gawk'
CC='gcc'
CFLAGS='-O2 -fno-strict-aliasing -Wall -Wshadow -Wwrite-strings -Wstrict-prototypes -D_REENTRANT -I/usr/local/include'
CHOWN='/bin/chown'
CLAMAV=''
COMPRESS='/usr/bin/compress'
CONVERT='/usr/bin/convert'
COPYRIGHT='Copyright (C) 1997-2021 MBSE Development Team, All Rights Reserved'
CPP='gcc -E'
CPPFLAGS='-I/usr/local/include'
DEFS='-DHAVE_CONFIG_H'
ECHO_C=''
ECHO_N='-n'
ECHO_T=''
EGREP='/usr/bin/grep -E'
EXEEXT=''
FPROT=''
GOLDEDBIN=''
GOLDNODE=''
GREP='/usr/bin/grep'
GROUP='bbs'
GZIP='/usr/bin/gzip'
HA=''
INSTALL='ginstall'
LDFLAGS='-L/usr/local/lib'
LHA='/usr/bin/lha'
LIBOBJS=''
LIBS=' -lcrypt -lutil -lz -lbz2 -lGeoIP'
LN_S='ln -s'
LTLIBOBJS=''
MAJOR='1'
MAKE='gmake'
MINOR='0'
NOMARCH=''
OBJEXT='o'
OWNER='mbse'
PACKAGE='mbsebbs'
PACKAGE_BUGREPORT=''
PACKAGE_NAME=''
PACKAGE_STRING=''
PACKAGE_TARNAME=''
PACKAGE_URL=''
PACKAGE_VERSION=''
PATH_SEPARATOR=':'
RANLIB='ranlib'
RAR='/usr/bin/rar'
RB=''
REVISION='7.22'
RGROUP='root'
ROWNER='root'
RZ=''
SB=''
SET_MAKE=''
SHELL='/bin/sh'
SUBDIRS='lib mbcico mbfido mbmon mbsebbs mbutils mbnntp mbtask mbsetup unix lang examples html script'
SZ=''
TAR='/usr/bin/tar'
UNARJ='/usr/bin/unarj'
UNRAR=''
UNZIP='/usr/bin/unzip'
UVSCAN=''
VERSION='1.0.7.22'
ZIP='/usr/bin/zip'
ZOO='/usr/bin/zoo'
ac_ct_CC='gcc'
bindir='${exec_prefix}/bin'
build_alias=''
datadir='${datarootdir}'
datarootdir='${prefix}/share'
docdir='${datarootdir}/doc/${PACKAGE}'
dvidir='${docdir}'
exec_prefix='${prefix}'
host_alias=''
htmldir='${docdir}'
includedir='${prefix}/include'
infodir='${datarootdir}/info'
joebin='/usr/bin'
joelib='/etc/joe'
libdir='${exec_prefix}/lib'
libexecdir='${exec_prefix}/libexec'
localedir='${datarootdir}/locale'
localstatedir='${prefix}/var'
mandir='${datarootdir}/man'
oldincludedir='/usr/include'
pdfdir='${docdir}'
prefix='/opt/mbse'
program_transform_name='s,x,x,'
psdir='${docdir}'
sbindir='${exec_prefix}/sbin'
sharedstatedir='${prefix}/com'
sysconfdir='${prefix}/etc'
target_alias=''

## ----------- ##
## confdefs.h. ##
## ----------- ##

/* confdefs.h */
#define PACKAGE_NAME ""
#define PACKAGE_TARNAME ""
#define PACKAGE_VERSION ""
#define PACKAGE_STRING ""
#define PACKAGE_BUGREPORT ""
#define PACKAGE_URL ""
#define VERSION "1.0.7.22"
#define VERSION_MAJOR 1
#define VERSION_MINOR 0
#define VERSION_REVISION 7.22
#define COPYRIGHT "Copyright (C) 1997-2021 MBSE Development Team, All Rights Reserved"
#define SHORTRIGHT "Copyright (C) 1997-2021 MBSE DevTm"
#define STDC_HEADERS 1
#define HAVE_SYS_TYPES_H 1
#define HAVE_SYS_STAT_H 1
#define HAVE_STDLIB_H 1
#define HAVE_STRING_H 1
#define HAVE_MEMORY_H 1
#define HAVE_STRINGS_H 1
#define HAVE_INTTYPES_H 1
#define HAVE_STDINT_H 1
#define HAVE_UNISTD_H 1
#define SHADOW_PASSWORD 1
#define HAVE_SYS_TYPES_H 1
#define HAVE_ZLIB_H 1
#define HAVE_BZLIB_H 1
#define HAVE_ICONV_H 1
#define STDC_HEADERS 1
#define HAVE_DIRENT_H 1
#define TIME_WITH_SYS_TIME 1
#define HAVE_SYS_WAIT_H 1
#define HAVE_TERMIOS_H 1
#define HAVE_SYS_TERMIOS_H 1
#define HAVE_TERMIO_H 1
#define HAVE_SGTTY_H 1
#define HAVE_SYS_TIME_H 1
#define HAVE_SYS_VFS_H 1
#define HAVE_UNISTD_H 1
#define HAVE_NETINET_IN_H 1
#define HAVE_REGEX_H 1
#define HAVE_SYS_RESOURCE_H 1
#define HAVE_GSHADOW_H 1
#define HAVE_SHADOW_H 1
#define HAVE_CRYPT_H 1
#define HAVE_LIMITS_H 1
#define HAVE_UTMP_H 1
#define HAVE_UTMPX_H 1
#define HAVE_LASTLOG_H 1
#define HAVE_RPC_KEY_PROT_H 1
#define HAVE_STRUCT_TM_TM_ZONE 1
#define HAVE_TM_ZONE 1
#define HAVE_STRUCT_STAT_ST_BLKSIZE 1
#define HAVE_ST_BLKSIZE 1
#define HAVE_A64L 1
#define HAVE_FCHMOD 1
#define HAVE_FCHOWN 1
#define HAVE_FDATASYNC 1
#define HAVE_FSYNC 1
#define HAVE_LCKPWDF 1
#define HAVE_STRCASESTR 1
#define HAVE_PUTPWENT 1
#define RETSIGTYPE void
#define HAVE_UTIME_H 1
#define HAVE_UTIME_NULL 1
#define HAVE_GETTIMEOFDAY 1
#define HAVE_RE_COMP 1
#define HAVE_SELECT 1
#define HAVE_STATFS 1
#define HAVE_STATVFS 1
#define HAVE_GETSPNAM 1
#define HAVE_INITGROUPS 1
#define HAVE_UPDWTMP 1
#define HAVE_UPDWTMPX 1
#define HAVE_GEOIP_H 1
#define HAVE_GEOIPCITY_H 1
#define GBK_DEL 0
#define _UTMP_FILE "/var/run/utmp"
#define _WTMP_FILE "/var/log/wtmp"
#define LASTLOG_FILE "/var/log/lastlog"

configure: exit 0
