18-Apr-21 01:13:21 PM + installinit started
18-Apr-21 01:13:21 PM + Distribution Linux Slackware Slackware 14.2
18-Apr-21 01:13:21 PM + Adding SystemV Slackware Slackware 14.2 MBSE BBS start/stop scripts
18-Apr-21 01:13:21 PM + Added Slackware setup script for use with pkgtool
20-Apr-21 07:47:48 PM + installinit started
20-Apr-21 07:47:48 PM + Distribution Linux Slackware Slackware 14.2
20-Apr-21 07:47:48 PM + Adding SystemV Slackware Slackware 14.2 MBSE BBS start/stop scripts
20-Apr-21 07:47:48 PM + Added Slackware setup script for use with pkgtool
22-Apr-21 03:14:19 PM + installinit started
22-Apr-21 03:14:19 PM + Distribution Linux Slackware Slackware 14.2
22-Apr-21 03:14:19 PM + Adding SystemV Slackware Slackware 14.2 MBSE BBS start/stop scripts
22-Apr-21 03:14:19 PM + Added Slackware setup script for use with pkgtool
05-May-21 08:14:05 PM + installinit started
05-May-21 08:14:05 PM + Distribution Linux Slackware Slackware 14.2
05-May-21 08:14:05 PM + Adding SystemV Slackware Slackware 14.2 MBSE BBS start/stop scripts
05-May-21 08:14:05 PM + Added Slackware setup script for use with pkgtool
11-Jun-21 05:36:00 PM + installinit started
11-Jun-21 05:36:00 PM ! Aborted, MBSE_ROOT variable doesn't exist
11-Jun-21 05:36:11 PM + installinit started
11-Jun-21 05:36:11 PM + Distribution Linux Slackware Slackware 14.2
11-Jun-21 05:36:11 PM + Adding SystemV Slackware Slackware 14.2 MBSE BBS start/stop scripts
11-Jun-21 05:36:11 PM + Added Slackware setup script for use with pkgtool
